<?xml version="1.0" encoding="UTF-8" ?>
<testsuite tests="1" failures="0" name="com.fakegenerator.dao.ClientesDaoTest" time="17.03" errors="1" skipped="0">
  <properties>
    <property name="java.runtime.name" value="Java(TM) SE Runtime Environment"/>
    <property name="sun.boot.library.path" value="C:\Program Files\Java\jdk1.8.0_101\jre\bin"/>
    <property name="java.vm.version" value="25.101-b13"/>
    <property name="java.vm.vendor" value="Oracle Corporation"/>
    <property name="java.vendor.url" value="http://java.oracle.com/"/>
    <property name="path.separator" value=";"/>
    <property name="guice.disable.misplaced.annotation.check" value="true"/>
    <property name="java.vm.name" value="Java HotSpot(TM) 64-Bit Server VM"/>
    <property name="file.encoding.pkg" value="sun.io"/>
    <property name="user.script" value=""/>
    <property name="user.country" value="ES"/>
    <property name="sun.java.launcher" value="SUN_STANDARD"/>
    <property name="sun.os.patch.level" value=""/>
    <property name="test" value="com.fakegenerator.dao.ClientesDaoTest"/>
    <property name="java.vm.specification.name" value="Java Virtual Machine Specification"/>
    <property name="user.dir" value="C:\Users\jbust\Desktop\GeneradorDatosFalsos\FakeGenerator\fakeGenerator"/>
    <property name="java.runtime.version" value="1.8.0_101-b13"/>
    <property name="java.awt.graphicsenv" value="sun.awt.Win32GraphicsEnvironment"/>
    <property name="java.endorsed.dirs" value="C:\Program Files\Java\jdk1.8.0_101\jre\lib\endorsed"/>
    <property name="os.arch" value="amd64"/>
    <property name="java.io.tmpdir" value="C:\Users\jbust\AppData\Local\Temp\"/>
    <property name="line.separator" value="
"/>
    <property name="java.vm.specification.vendor" value="Oracle Corporation"/>
    <property name="user.variant" value=""/>
    <property name="os.name" value="Windows 10"/>
    <property name="maven.ext.class.path" value="C:\Program Files\NetBeans 8.2\java\maven-nblib\netbeans-eventspy.jar"/>
    <property name="classworlds.conf" value="C:\Program Files\NetBeans 8.2\java\maven\bin\m2.conf"/>
    <property name="sun.jnu.encoding" value="Cp1252"/>
    <property name="java.library.path" value="C:\Program Files\Java\jdk1.8.0_101\bin;C:\Windows\Sun\Java\bin;C:\Windows\system32;C:\Windows;C:\Program Files (x86)\PHP\v7.0;C:\ProgramData\Oracle\Java\javapath;C:\Windows\system32;C:\Windows;C:\Windows\System32\Wbem;C:\Windows\System32\WindowsPowerShell\v1.0\;C:\Program Files (x86)\NVIDIA Corporation\PhysX\Common;C:\Program Files (x86)\Brackets\command;C:\RailsInstaller\Ruby2.3.0\bin;C:\ProgramData\ComposerSetup\bin;C:\Program Files\Git\cmd;C:\Program Files\Microsoft SQL Server\120\DTS\Binn\;C:\Program Files\Microsoft SQL Server\Client SDK\ODBC\110\Tools\Binn\;C:\Program Files (x86)\Microsoft SQL Server\120\Tools\Binn\;C:\Program Files\Microsoft SQL Server\120\Tools\Binn\;C:\Program Files (x86)\Microsoft SQL Server\120\Tools\Binn\ManagementStudio\;C:\Program Files (x86)\Microsoft SQL Server\120\DTS\Binn\;C:\Program Files (x86)\Skype\Phone\;C:\Program Files (x86)\Windows Kits\8.1\Windows Performance Toolkit\;C:\Program Files\Microsoft SQL Server\110\Tools\Binn\;C:\Program Files (x86)\Microsoft Visual Studio 12.0\Common7\IDE\PrivateAssemblies\;C:\RailsInstaller\Ruby2.3.0\bin;C:\Users\jbust\AppData\Roaming\Composer\vendor\bin;."/>
    <property name="java.specification.name" value="Java Platform API Specification"/>
    <property name="java.class.version" value="52.0"/>
    <property name="sun.management.compiler" value="HotSpot 64-Bit Tiered Compilers"/>
    <property name="os.version" value="10.0"/>
    <property name="user.home" value="C:\Users\jbust"/>
    <property name="user.timezone" value="America/Bogota"/>
    <property name="java.awt.printerjob" value="sun.awt.windows.WPrinterJob"/>
    <property name="java.specification.version" value="1.8"/>
    <property name="file.encoding" value="UTF-8"/>
    <property name="user.name" value="jbust"/>
    <property name="java.class.path" value="C:\Program Files\NetBeans 8.2\java\maven\boot\plexus-classworlds-2.4.jar"/>
    <property name="java.vm.specification.version" value="1.8"/>
    <property name="sun.arch.data.model" value="64"/>
    <property name="java.home" value="C:\Program Files\Java\jdk1.8.0_101\jre"/>
    <property name="sun.java.command" value="org.codehaus.plexus.classworlds.launcher.Launcher -Dtest=com.fakegenerator.dao.ClientesDaoTest -Dmaven.ext.class.path=C:\Program Files\NetBeans 8.2\java\maven-nblib\netbeans-eventspy.jar -Dfile.encoding=UTF-8 surefire:test"/>
    <property name="java.specification.vendor" value="Oracle Corporation"/>
    <property name="user.language" value="es"/>
    <property name="awt.toolkit" value="sun.awt.windows.WToolkit"/>
    <property name="java.vm.info" value="mixed mode"/>
    <property name="java.version" value="1.8.0_101"/>
    <property name="java.ext.dirs" value="C:\Program Files\Java\jdk1.8.0_101\jre\lib\ext;C:\Windows\Sun\Java\lib\ext"/>
    <property name="sun.boot.class.path" value="C:\Program Files\Java\jdk1.8.0_101\jre\lib\resources.jar;C:\Program Files\Java\jdk1.8.0_101\jre\lib\rt.jar;C:\Program Files\Java\jdk1.8.0_101\jre\lib\sunrsasign.jar;C:\Program Files\Java\jdk1.8.0_101\jre\lib\jsse.jar;C:\Program Files\Java\jdk1.8.0_101\jre\lib\jce.jar;C:\Program Files\Java\jdk1.8.0_101\jre\lib\charsets.jar;C:\Program Files\Java\jdk1.8.0_101\jre\lib\jfr.jar;C:\Program Files\Java\jdk1.8.0_101\jre\classes"/>
    <property name="java.vendor" value="Oracle Corporation"/>
    <property name="maven.home" value="C:\Program Files\NetBeans 8.2\java\maven"/>
    <property name="file.separator" value="\"/>
    <property name="java.vendor.url.bug" value="http://bugreport.sun.com/bugreport/"/>
    <property name="sun.cpu.endian" value="little"/>
    <property name="sun.io.unicode.encoding" value="UnicodeLittle"/>
    <property name="sun.desktop" value="windows"/>
    <property name="sun.cpu.isalist" value="amd64"/>
  </properties>
  <testcase classname="com.fakegenerator.dao.ClientesDaoTest" name="testCargarClientesFicticios" time="16.973">
    <error message="String index out of range: 4" type="java.lang.StringIndexOutOfBoundsException">java.lang.StringIndexOutOfBoundsException: String index out of range: 4
	at java.lang.String.substring(String.java:1963)
	at com.fakegenerator.dao.ClientesDao.cargarClientesFicticios(ClientesDao.java:143)
	at com.fakegenerator.dao.ClientesDaoTest.testCargarClientesFicticios(ClientesDaoTest.java:195)
	at sun.reflect.NativeMethodAccessorImpl.invoke0(Native Method)
	at sun.reflect.NativeMethodAccessorImpl.invoke(NativeMethodAccessorImpl.java:62)
	at sun.reflect.DelegatingMethodAccessorImpl.invoke(DelegatingMethodAccessorImpl.java:43)
	at java.lang.reflect.Method.invoke(Method.java:498)
	at org.junit.internal.runners.TestMethod.invoke(TestMethod.java:59)
	at org.junit.internal.runners.MethodRoadie.runTestMethod(MethodRoadie.java:98)
	at org.junit.internal.runners.MethodRoadie$2.run(MethodRoadie.java:79)
	at org.junit.internal.runners.MethodRoadie.runBeforesThenTestThenAfters(MethodRoadie.java:87)
	at org.junit.internal.runners.MethodRoadie.runTest(MethodRoadie.java:77)
	at org.junit.internal.runners.MethodRoadie.run(MethodRoadie.java:42)
	at org.junit.internal.runners.JUnit4ClassRunner.invokeTestMethod(JUnit4ClassRunner.java:88)
	at org.junit.internal.runners.JUnit4ClassRunner.runMethods(JUnit4ClassRunner.java:51)
	at org.junit.internal.runners.JUnit4ClassRunner$1.run(JUnit4ClassRunner.java:44)
	at org.junit.internal.runners.ClassRoadie.runUnprotected(ClassRoadie.java:27)
	at org.junit.internal.runners.ClassRoadie.runProtected(ClassRoadie.java:37)
	at org.junit.internal.runners.JUnit4ClassRunner.run(JUnit4ClassRunner.java:42)
	at org.apache.maven.surefire.junit4.JUnit4TestSet.execute(JUnit4TestSet.java:53)
	at org.apache.maven.surefire.junit4.JUnit4Provider.executeTestSet(JUnit4Provider.java:123)
	at org.apache.maven.surefire.junit4.JUnit4Provider.invoke(JUnit4Provider.java:104)
	at sun.reflect.NativeMethodAccessorImpl.invoke0(Native Method)
	at sun.reflect.NativeMethodAccessorImpl.invoke(NativeMethodAccessorImpl.java:62)
	at sun.reflect.DelegatingMethodAccessorImpl.invoke(DelegatingMethodAccessorImpl.java:43)
	at java.lang.reflect.Method.invoke(Method.java:498)
	at org.apache.maven.surefire.util.ReflectionUtils.invokeMethodWithArray(ReflectionUtils.java:164)
	at org.apache.maven.surefire.booter.ProviderFactory$ProviderProxy.invoke(ProviderFactory.java:110)
	at org.apache.maven.surefire.booter.SurefireStarter.invokeProvider(SurefireStarter.java:175)
	at org.apache.maven.surefire.booter.SurefireStarter.runSuitesInProcessWhenForked(SurefireStarter.java:107)
	at org.apache.maven.surefire.booter.ForkedBooter.main(ForkedBooter.java:68)
</error>
    <system-out>testCargarClientesFicticios
Hibernate: insert into usuarios (enabled, password, username) values (?, ?, ?)
Hibernate: insert into personas (ape_mat, ape_pat, nombres, username, dni) values (?, ?, ?, ?, ?)
Hibernate: insert into clientes (direccion, id_distri, email, notas, telefono, dni) values (?, ?, ?, ?, ?, ?)
Hibernate: insert into usuarios (enabled, password, username) values (?, ?, ?)
Hibernate: insert into personas (ape_mat, ape_pat, nombres, username, dni) values (?, ?, ?, ?, ?)
Hibernate: insert into clientes (direccion, id_distri, email, notas, telefono, dni) values (?, ?, ?, ?, ?, ?)
Hibernate: insert into usuarios (enabled, password, username) values (?, ?, ?)
Hibernate: insert into personas (ape_mat, ape_pat, nombres, username, dni) values (?, ?, ?, ?, ?)
Hibernate: insert into clientes (direccion, id_distri, email, notas, telefono, dni) values (?, ?, ?, ?, ?, ?)
Hibernate: insert into usuarios (enabled, password, username) values (?, ?, ?)
Hibernate: insert into personas (ape_mat, ape_pat, nombres, username, dni) values (?, ?, ?, ?, ?)
Hibernate: insert into clientes (direccion, id_distri, email, notas, telefono, dni) values (?, ?, ?, ?, ?, ?)
Hibernate: insert into usuarios (enabled, password, username) values (?, ?, ?)
Hibernate: insert into personas (ape_mat, ape_pat, nombres, username, dni) values (?, ?, ?, ?, ?)
Hibernate: insert into clientes (direccion, id_distri, email, notas, telefono, dni) values (?, ?, ?, ?, ?, ?)
Hibernate: insert into usuarios (enabled, password, username) values (?, ?, ?)
Hibernate: insert into personas (ape_mat, ape_pat, nombres, username, dni) values (?, ?, ?, ?, ?)
Hibernate: insert into clientes (direccion, id_distri, email, notas, telefono, dni) values (?, ?, ?, ?, ?, ?)
Hibernate: insert into usuarios (enabled, password, username) values (?, ?, ?)
Hibernate: insert into personas (ape_mat, ape_pat, nombres, username, dni) values (?, ?, ?, ?, ?)
Hibernate: insert into clientes (direccion, id_distri, email, notas, telefono, dni) values (?, ?, ?, ?, ?, ?)
Hibernate: insert into usuarios (enabled, password, username) values (?, ?, ?)
Hibernate: insert into personas (ape_mat, ape_pat, nombres, username, dni) values (?, ?, ?, ?, ?)
Hibernate: insert into clientes (direccion, id_distri, email, notas, telefono, dni) values (?, ?, ?, ?, ?, ?)
Hibernate: insert into usuarios (enabled, password, username) values (?, ?, ?)
Hibernate: insert into personas (ape_mat, ape_pat, nombres, username, dni) values (?, ?, ?, ?, ?)
Hibernate: insert into clientes (direccion, id_distri, email, notas, telefono, dni) values (?, ?, ?, ?, ?, ?)
Hibernate: insert into usuarios (enabled, password, username) values (?, ?, ?)
Hibernate: insert into personas (ape_mat, ape_pat, nombres, username, dni) values (?, ?, ?, ?, ?)
Hibernate: insert into clientes (direccion, id_distri, email, notas, telefono, dni) values (?, ?, ?, ?, ?, ?)
Hibernate: insert into usuarios (enabled, password, username) values (?, ?, ?)
Hibernate: insert into personas (ape_mat, ape_pat, nombres, username, dni) values (?, ?, ?, ?, ?)
Hibernate: insert into clientes (direccion, id_distri, email, notas, telefono, dni) values (?, ?, ?, ?, ?, ?)
Hibernate: insert into usuarios (enabled, password, username) values (?, ?, ?)
Hibernate: insert into personas (ape_mat, ape_pat, nombres, username, dni) values (?, ?, ?, ?, ?)
Hibernate: insert into clientes (direccion, id_distri, email, notas, telefono, dni) values (?, ?, ?, ?, ?, ?)
Hibernate: insert into usuarios (enabled, password, username) values (?, ?, ?)
Hibernate: insert into personas (ape_mat, ape_pat, nombres, username, dni) values (?, ?, ?, ?, ?)
Hibernate: insert into clientes (direccion, id_distri, email, notas, telefono, dni) values (?, ?, ?, ?, ?, ?)
Hibernate: insert into usuarios (enabled, password, username) values (?, ?, ?)
Hibernate: insert into personas (ape_mat, ape_pat, nombres, username, dni) values (?, ?, ?, ?, ?)
Hibernate: insert into clientes (direccion, id_distri, email, notas, telefono, dni) values (?, ?, ?, ?, ?, ?)
Hibernate: insert into usuarios (enabled, password, username) values (?, ?, ?)
Hibernate: insert into personas (ape_mat, ape_pat, nombres, username, dni) values (?, ?, ?, ?, ?)
Hibernate: insert into clientes (direccion, id_distri, email, notas, telefono, dni) values (?, ?, ?, ?, ?, ?)
Hibernate: insert into usuarios (enabled, password, username) values (?, ?, ?)
Hibernate: insert into personas (ape_mat, ape_pat, nombres, username, dni) values (?, ?, ?, ?, ?)
Hibernate: insert into clientes (direccion, id_distri, email, notas, telefono, dni) values (?, ?, ?, ?, ?, ?)
Hibernate: insert into usuarios (enabled, password, username) values (?, ?, ?)
Hibernate: insert into personas (ape_mat, ape_pat, nombres, username, dni) values (?, ?, ?, ?, ?)
Hibernate: insert into clientes (direccion, id_distri, email, notas, telefono, dni) values (?, ?, ?, ?, ?, ?)
Hibernate: insert into usuarios (enabled, password, username) values (?, ?, ?)
Hibernate: insert into personas (ape_mat, ape_pat, nombres, username, dni) values (?, ?, ?, ?, ?)
Hibernate: insert into clientes (direccion, id_distri, email, notas, telefono, dni) values (?, ?, ?, ?, ?, ?)
Hibernate: insert into usuarios (enabled, password, username) values (?, ?, ?)
Hibernate: insert into personas (ape_mat, ape_pat, nombres, username, dni) values (?, ?, ?, ?, ?)
Hibernate: insert into clientes (direccion, id_distri, email, notas, telefono, dni) values (?, ?, ?, ?, ?, ?)
Hibernate: insert into usuarios (enabled, password, username) values (?, ?, ?)
Hibernate: insert into personas (ape_mat, ape_pat, nombres, username, dni) values (?, ?, ?, ?, ?)
Hibernate: insert into clientes (direccion, id_distri, email, notas, telefono, dni) values (?, ?, ?, ?, ?, ?)
Hibernate: insert into usuarios (enabled, password, username) values (?, ?, ?)
Hibernate: insert into personas (ape_mat, ape_pat, nombres, username, dni) values (?, ?, ?, ?, ?)
Hibernate: insert into clientes (direccion, id_distri, email, notas, telefono, dni) values (?, ?, ?, ?, ?, ?)
Hibernate: insert into usuarios (enabled, password, username) values (?, ?, ?)
Hibernate: insert into personas (ape_mat, ape_pat, nombres, username, dni) values (?, ?, ?, ?, ?)
Hibernate: insert into clientes (direccion, id_distri, email, notas, telefono, dni) values (?, ?, ?, ?, ?, ?)
Hibernate: insert into usuarios (enabled, password, username) values (?, ?, ?)
Hibernate: insert into personas (ape_mat, ape_pat, nombres, username, dni) values (?, ?, ?, ?, ?)
Hibernate: insert into clientes (direccion, id_distri, email, notas, telefono, dni) values (?, ?, ?, ?, ?, ?)
Hibernate: insert into usuarios (enabled, password, username) values (?, ?, ?)
Hibernate: insert into personas (ape_mat, ape_pat, nombres, username, dni) values (?, ?, ?, ?, ?)
Hibernate: insert into clientes (direccion, id_distri, email, notas, telefono, dni) values (?, ?, ?, ?, ?, ?)
Hibernate: insert into usuarios (enabled, password, username) values (?, ?, ?)
Hibernate: insert into personas (ape_mat, ape_pat, nombres, username, dni) values (?, ?, ?, ?, ?)
Hibernate: insert into clientes (direccion, id_distri, email, notas, telefono, dni) values (?, ?, ?, ?, ?, ?)
Hibernate: insert into usuarios (enabled, password, username) values (?, ?, ?)
Hibernate: insert into personas (ape_mat, ape_pat, nombres, username, dni) values (?, ?, ?, ?, ?)
Hibernate: insert into clientes (direccion, id_distri, email, notas, telefono, dni) values (?, ?, ?, ?, ?, ?)
Hibernate: insert into usuarios (enabled, password, username) values (?, ?, ?)
Hibernate: insert into personas (ape_mat, ape_pat, nombres, username, dni) values (?, ?, ?, ?, ?)
Hibernate: insert into clientes (direccion, id_distri, email, notas, telefono, dni) values (?, ?, ?, ?, ?, ?)
Hibernate: insert into usuarios (enabled, password, username) values (?, ?, ?)
Hibernate: insert into personas (ape_mat, ape_pat, nombres, username, dni) values (?, ?, ?, ?, ?)
Hibernate: insert into clientes (direccion, id_distri, email, notas, telefono, dni) values (?, ?, ?, ?, ?, ?)
Hibernate: insert into usuarios (enabled, password, username) values (?, ?, ?)
Hibernate: insert into personas (ape_mat, ape_pat, nombres, username, dni) values (?, ?, ?, ?, ?)
Hibernate: insert into clientes (direccion, id_distri, email, notas, telefono, dni) values (?, ?, ?, ?, ?, ?)
Hibernate: insert into usuarios (enabled, password, username) values (?, ?, ?)
Hibernate: insert into personas (ape_mat, ape_pat, nombres, username, dni) values (?, ?, ?, ?, ?)
Hibernate: insert into clientes (direccion, id_distri, email, notas, telefono, dni) values (?, ?, ?, ?, ?, ?)
Hibernate: insert into usuarios (enabled, password, username) values (?, ?, ?)
Hibernate: insert into personas (ape_mat, ape_pat, nombres, username, dni) values (?, ?, ?, ?, ?)
Hibernate: insert into clientes (direccion, id_distri, email, notas, telefono, dni) values (?, ?, ?, ?, ?, ?)
Hibernate: insert into usuarios (enabled, password, username) values (?, ?, ?)
Hibernate: insert into personas (ape_mat, ape_pat, nombres, username, dni) values (?, ?, ?, ?, ?)
Hibernate: insert into clientes (direccion, id_distri, email, notas, telefono, dni) values (?, ?, ?, ?, ?, ?)
Hibernate: insert into usuarios (enabled, password, username) values (?, ?, ?)
Hibernate: insert into personas (ape_mat, ape_pat, nombres, username, dni) values (?, ?, ?, ?, ?)
Hibernate: insert into clientes (direccion, id_distri, email, notas, telefono, dni) values (?, ?, ?, ?, ?, ?)
Hibernate: insert into usuarios (enabled, password, username) values (?, ?, ?)
Hibernate: insert into personas (ape_mat, ape_pat, nombres, username, dni) values (?, ?, ?, ?, ?)
Hibernate: insert into clientes (direccion, id_distri, email, notas, telefono, dni) values (?, ?, ?, ?, ?, ?)
Hibernate: insert into usuarios (enabled, password, username) values (?, ?, ?)
Hibernate: insert into personas (ape_mat, ape_pat, nombres, username, dni) values (?, ?, ?, ?, ?)
Hibernate: insert into clientes (direccion, id_distri, email, notas, telefono, dni) values (?, ?, ?, ?, ?, ?)
Hibernate: insert into usuarios (enabled, password, username) values (?, ?, ?)
Hibernate: insert into personas (ape_mat, ape_pat, nombres, username, dni) values (?, ?, ?, ?, ?)
Hibernate: insert into clientes (direccion, id_distri, email, notas, telefono, dni) values (?, ?, ?, ?, ?, ?)
Hibernate: insert into usuarios (enabled, password, username) values (?, ?, ?)
Hibernate: insert into personas (ape_mat, ape_pat, nombres, username, dni) values (?, ?, ?, ?, ?)
Hibernate: insert into clientes (direccion, id_distri, email, notas, telefono, dni) values (?, ?, ?, ?, ?, ?)
Hibernate: insert into usuarios (enabled, password, username) values (?, ?, ?)
Hibernate: insert into personas (ape_mat, ape_pat, nombres, username, dni) values (?, ?, ?, ?, ?)
Hibernate: insert into clientes (direccion, id_distri, email, notas, telefono, dni) values (?, ?, ?, ?, ?, ?)
Hibernate: insert into usuarios (enabled, password, username) values (?, ?, ?)
Hibernate: insert into personas (ape_mat, ape_pat, nombres, username, dni) values (?, ?, ?, ?, ?)
Hibernate: insert into clientes (direccion, id_distri, email, notas, telefono, dni) values (?, ?, ?, ?, ?, ?)
Hibernate: insert into usuarios (enabled, password, username) values (?, ?, ?)
Hibernate: insert into personas (ape_mat, ape_pat, nombres, username, dni) values (?, ?, ?, ?, ?)
Hibernate: insert into clientes (direccion, id_distri, email, notas, telefono, dni) values (?, ?, ?, ?, ?, ?)
Hibernate: insert into usuarios (enabled, password, username) values (?, ?, ?)
Hibernate: insert into personas (ape_mat, ape_pat, nombres, username, dni) values (?, ?, ?, ?, ?)
Hibernate: insert into clientes (direccion, id_distri, email, notas, telefono, dni) values (?, ?, ?, ?, ?, ?)
Hibernate: insert into usuarios (enabled, password, username) values (?, ?, ?)
Hibernate: insert into personas (ape_mat, ape_pat, nombres, username, dni) values (?, ?, ?, ?, ?)
Hibernate: insert into clientes (direccion, id_distri, email, notas, telefono, dni) values (?, ?, ?, ?, ?, ?)
Hibernate: insert into usuarios (enabled, password, username) values (?, ?, ?)
Hibernate: insert into personas (ape_mat, ape_pat, nombres, username, dni) values (?, ?, ?, ?, ?)
Hibernate: insert into clientes (direccion, id_distri, email, notas, telefono, dni) values (?, ?, ?, ?, ?, ?)
Hibernate: insert into usuarios (enabled, password, username) values (?, ?, ?)
Hibernate: insert into personas (ape_mat, ape_pat, nombres, username, dni) values (?, ?, ?, ?, ?)
Hibernate: insert into clientes (direccion, id_distri, email, notas, telefono, dni) values (?, ?, ?, ?, ?, ?)
Hibernate: insert into usuarios (enabled, password, username) values (?, ?, ?)
Hibernate: insert into personas (ape_mat, ape_pat, nombres, username, dni) values (?, ?, ?, ?, ?)
Hibernate: insert into clientes (direccion, id_distri, email, notas, telefono, dni) values (?, ?, ?, ?, ?, ?)
Hibernate: insert into usuarios (enabled, password, username) values (?, ?, ?)
Hibernate: insert into personas (ape_mat, ape_pat, nombres, username, dni) values (?, ?, ?, ?, ?)
Hibernate: insert into clientes (direccion, id_distri, email, notas, telefono, dni) values (?, ?, ?, ?, ?, ?)
Hibernate: insert into usuarios (enabled, password, username) values (?, ?, ?)
Hibernate: insert into personas (ape_mat, ape_pat, nombres, username, dni) values (?, ?, ?, ?, ?)
Hibernate: insert into clientes (direccion, id_distri, email, notas, telefono, dni) values (?, ?, ?, ?, ?, ?)
Hibernate: insert into usuarios (enabled, password, username) values (?, ?, ?)
Hibernate: insert into personas (ape_mat, ape_pat, nombres, username, dni) values (?, ?, ?, ?, ?)
Hibernate: insert into clientes (direccion, id_distri, email, notas, telefono, dni) values (?, ?, ?, ?, ?, ?)
Hibernate: insert into usuarios (enabled, password, username) values (?, ?, ?)
Hibernate: insert into personas (ape_mat, ape_pat, nombres, username, dni) values (?, ?, ?, ?, ?)
Hibernate: insert into clientes (direccion, id_distri, email, notas, telefono, dni) values (?, ?, ?, ?, ?, ?)
Hibernate: insert into usuarios (enabled, password, username) values (?, ?, ?)
Hibernate: insert into personas (ape_mat, ape_pat, nombres, username, dni) values (?, ?, ?, ?, ?)
Hibernate: insert into clientes (direccion, id_distri, email, notas, telefono, dni) values (?, ?, ?, ?, ?, ?)
Hibernate: insert into usuarios (enabled, password, username) values (?, ?, ?)
Hibernate: insert into personas (ape_mat, ape_pat, nombres, username, dni) values (?, ?, ?, ?, ?)
Hibernate: insert into clientes (direccion, id_distri, email, notas, telefono, dni) values (?, ?, ?, ?, ?, ?)
Hibernate: insert into usuarios (enabled, password, username) values (?, ?, ?)
Hibernate: insert into personas (ape_mat, ape_pat, nombres, username, dni) values (?, ?, ?, ?, ?)
Hibernate: insert into clientes (direccion, id_distri, email, notas, telefono, dni) values (?, ?, ?, ?, ?, ?)
Hibernate: insert into usuarios (enabled, password, username) values (?, ?, ?)
Hibernate: insert into personas (ape_mat, ape_pat, nombres, username, dni) values (?, ?, ?, ?, ?)
Hibernate: insert into clientes (direccion, id_distri, email, notas, telefono, dni) values (?, ?, ?, ?, ?, ?)
Hibernate: insert into usuarios (enabled, password, username) values (?, ?, ?)
Hibernate: insert into personas (ape_mat, ape_pat, nombres, username, dni) values (?, ?, ?, ?, ?)
Hibernate: insert into clientes (direccion, id_distri, email, notas, telefono, dni) values (?, ?, ?, ?, ?, ?)
Hibernate: insert into usuarios (enabled, password, username) values (?, ?, ?)
Hibernate: insert into personas (ape_mat, ape_pat, nombres, username, dni) values (?, ?, ?, ?, ?)
Hibernate: insert into clientes (direccion, id_distri, email, notas, telefono, dni) values (?, ?, ?, ?, ?, ?)
Hibernate: insert into usuarios (enabled, password, username) values (?, ?, ?)
Hibernate: insert into personas (ape_mat, ape_pat, nombres, username, dni) values (?, ?, ?, ?, ?)
Hibernate: insert into clientes (direccion, id_distri, email, notas, telefono, dni) values (?, ?, ?, ?, ?, ?)
Hibernate: insert into usuarios (enabled, password, username) values (?, ?, ?)
Hibernate: insert into personas (ape_mat, ape_pat, nombres, username, dni) values (?, ?, ?, ?, ?)
Hibernate: insert into clientes (direccion, id_distri, email, notas, telefono, dni) values (?, ?, ?, ?, ?, ?)
Hibernate: insert into usuarios (enabled, password, username) values (?, ?, ?)
Hibernate: insert into personas (ape_mat, ape_pat, nombres, username, dni) values (?, ?, ?, ?, ?)
Hibernate: insert into clientes (direccion, id_distri, email, notas, telefono, dni) values (?, ?, ?, ?, ?, ?)
Hibernate: insert into usuarios (enabled, password, username) values (?, ?, ?)
Hibernate: insert into personas (ape_mat, ape_pat, nombres, username, dni) values (?, ?, ?, ?, ?)
Hibernate: insert into clientes (direccion, id_distri, email, notas, telefono, dni) values (?, ?, ?, ?, ?, ?)
Hibernate: insert into usuarios (enabled, password, username) values (?, ?, ?)
Hibernate: insert into personas (ape_mat, ape_pat, nombres, username, dni) values (?, ?, ?, ?, ?)
Hibernate: insert into clientes (direccion, id_distri, email, notas, telefono, dni) values (?, ?, ?, ?, ?, ?)
Hibernate: insert into usuarios (enabled, password, username) values (?, ?, ?)
Hibernate: insert into personas (ape_mat, ape_pat, nombres, username, dni) values (?, ?, ?, ?, ?)
Hibernate: insert into clientes (direccion, id_distri, email, notas, telefono, dni) values (?, ?, ?, ?, ?, ?)
Hibernate: insert into usuarios (enabled, password, username) values (?, ?, ?)
Hibernate: insert into personas (ape_mat, ape_pat, nombres, username, dni) values (?, ?, ?, ?, ?)
Hibernate: insert into clientes (direccion, id_distri, email, notas, telefono, dni) values (?, ?, ?, ?, ?, ?)
Hibernate: insert into usuarios (enabled, password, username) values (?, ?, ?)
Hibernate: insert into personas (ape_mat, ape_pat, nombres, username, dni) values (?, ?, ?, ?, ?)
Hibernate: insert into clientes (direccion, id_distri, email, notas, telefono, dni) values (?, ?, ?, ?, ?, ?)
Hibernate: insert into usuarios (enabled, password, username) values (?, ?, ?)
Hibernate: insert into personas (ape_mat, ape_pat, nombres, username, dni) values (?, ?, ?, ?, ?)
Hibernate: insert into clientes (direccion, id_distri, email, notas, telefono, dni) values (?, ?, ?, ?, ?, ?)
Hibernate: insert into usuarios (enabled, password, username) values (?, ?, ?)
Hibernate: insert into personas (ape_mat, ape_pat, nombres, username, dni) values (?, ?, ?, ?, ?)
Hibernate: insert into clientes (direccion, id_distri, email, notas, telefono, dni) values (?, ?, ?, ?, ?, ?)
Hibernate: insert into usuarios (enabled, password, username) values (?, ?, ?)
Hibernate: insert into personas (ape_mat, ape_pat, nombres, username, dni) values (?, ?, ?, ?, ?)
Hibernate: insert into clientes (direccion, id_distri, email, notas, telefono, dni) values (?, ?, ?, ?, ?, ?)
Hibernate: insert into usuarios (enabled, password, username) values (?, ?, ?)
Hibernate: insert into personas (ape_mat, ape_pat, nombres, username, dni) values (?, ?, ?, ?, ?)
Hibernate: insert into clientes (direccion, id_distri, email, notas, telefono, dni) values (?, ?, ?, ?, ?, ?)
Hibernate: insert into usuarios (enabled, password, username) values (?, ?, ?)
Hibernate: insert into personas (ape_mat, ape_pat, nombres, username, dni) values (?, ?, ?, ?, ?)
Hibernate: insert into clientes (direccion, id_distri, email, notas, telefono, dni) values (?, ?, ?, ?, ?, ?)
Hibernate: insert into usuarios (enabled, password, username) values (?, ?, ?)
Hibernate: insert into personas (ape_mat, ape_pat, nombres, username, dni) values (?, ?, ?, ?, ?)
Hibernate: insert into clientes (direccion, id_distri, email, notas, telefono, dni) values (?, ?, ?, ?, ?, ?)
Hibernate: insert into usuarios (enabled, password, username) values (?, ?, ?)
Hibernate: insert into personas (ape_mat, ape_pat, nombres, username, dni) values (?, ?, ?, ?, ?)
Hibernate: insert into clientes (direccion, id_distri, email, notas, telefono, dni) values (?, ?, ?, ?, ?, ?)
Hibernate: insert into usuarios (enabled, password, username) values (?, ?, ?)
Hibernate: insert into personas (ape_mat, ape_pat, nombres, username, dni) values (?, ?, ?, ?, ?)
Hibernate: insert into clientes (direccion, id_distri, email, notas, telefono, dni) values (?, ?, ?, ?, ?, ?)
Hibernate: insert into usuarios (enabled, password, username) values (?, ?, ?)
Hibernate: insert into personas (ape_mat, ape_pat, nombres, username, dni) values (?, ?, ?, ?, ?)
Hibernate: insert into clientes (direccion, id_distri, email, notas, telefono, dni) values (?, ?, ?, ?, ?, ?)
Hibernate: insert into usuarios (enabled, password, username) values (?, ?, ?)
Hibernate: insert into personas (ape_mat, ape_pat, nombres, username, dni) values (?, ?, ?, ?, ?)
Hibernate: insert into clientes (direccion, id_distri, email, notas, telefono, dni) values (?, ?, ?, ?, ?, ?)
Hibernate: insert into usuarios (enabled, password, username) values (?, ?, ?)
Hibernate: insert into personas (ape_mat, ape_pat, nombres, username, dni) values (?, ?, ?, ?, ?)
Hibernate: insert into clientes (direccion, id_distri, email, notas, telefono, dni) values (?, ?, ?, ?, ?, ?)
Hibernate: insert into usuarios (enabled, password, username) values (?, ?, ?)
Hibernate: insert into personas (ape_mat, ape_pat, nombres, username, dni) values (?, ?, ?, ?, ?)
Hibernate: insert into clientes (direccion, id_distri, email, notas, telefono, dni) values (?, ?, ?, ?, ?, ?)
Hibernate: insert into usuarios (enabled, password, username) values (?, ?, ?)
Hibernate: insert into personas (ape_mat, ape_pat, nombres, username, dni) values (?, ?, ?, ?, ?)
Hibernate: insert into clientes (direccion, id_distri, email, notas, telefono, dni) values (?, ?, ?, ?, ?, ?)
Hibernate: insert into usuarios (enabled, password, username) values (?, ?, ?)
Hibernate: insert into personas (ape_mat, ape_pat, nombres, username, dni) values (?, ?, ?, ?, ?)
Hibernate: insert into clientes (direccion, id_distri, email, notas, telefono, dni) values (?, ?, ?, ?, ?, ?)
Hibernate: insert into usuarios (enabled, password, username) values (?, ?, ?)
Hibernate: insert into personas (ape_mat, ape_pat, nombres, username, dni) values (?, ?, ?, ?, ?)
Hibernate: insert into clientes (direccion, id_distri, email, notas, telefono, dni) values (?, ?, ?, ?, ?, ?)
Hibernate: insert into usuarios (enabled, password, username) values (?, ?, ?)
Hibernate: insert into personas (ape_mat, ape_pat, nombres, username, dni) values (?, ?, ?, ?, ?)
Hibernate: insert into clientes (direccion, id_distri, email, notas, telefono, dni) values (?, ?, ?, ?, ?, ?)
Hibernate: insert into usuarios (enabled, password, username) values (?, ?, ?)
Hibernate: insert into personas (ape_mat, ape_pat, nombres, username, dni) values (?, ?, ?, ?, ?)
Hibernate: insert into clientes (direccion, id_distri, email, notas, telefono, dni) values (?, ?, ?, ?, ?, ?)
Hibernate: insert into usuarios (enabled, password, username) values (?, ?, ?)
Hibernate: insert into personas (ape_mat, ape_pat, nombres, username, dni) values (?, ?, ?, ?, ?)
Hibernate: insert into clientes (direccion, id_distri, email, notas, telefono, dni) values (?, ?, ?, ?, ?, ?)
Hibernate: insert into usuarios (enabled, password, username) values (?, ?, ?)
Hibernate: insert into personas (ape_mat, ape_pat, nombres, username, dni) values (?, ?, ?, ?, ?)
Hibernate: insert into clientes (direccion, id_distri, email, notas, telefono, dni) values (?, ?, ?, ?, ?, ?)
Hibernate: insert into usuarios (enabled, password, username) values (?, ?, ?)
Hibernate: insert into personas (ape_mat, ape_pat, nombres, username, dni) values (?, ?, ?, ?, ?)
Hibernate: insert into clientes (direccion, id_distri, email, notas, telefono, dni) values (?, ?, ?, ?, ?, ?)
Hibernate: insert into usuarios (enabled, password, username) values (?, ?, ?)
Hibernate: insert into personas (ape_mat, ape_pat, nombres, username, dni) values (?, ?, ?, ?, ?)
Hibernate: insert into clientes (direccion, id_distri, email, notas, telefono, dni) values (?, ?, ?, ?, ?, ?)
Hibernate: insert into usuarios (enabled, password, username) values (?, ?, ?)
Hibernate: insert into personas (ape_mat, ape_pat, nombres, username, dni) values (?, ?, ?, ?, ?)
Hibernate: insert into clientes (direccion, id_distri, email, notas, telefono, dni) values (?, ?, ?, ?, ?, ?)
Hibernate: insert into usuarios (enabled, password, username) values (?, ?, ?)
Hibernate: insert into personas (ape_mat, ape_pat, nombres, username, dni) values (?, ?, ?, ?, ?)
Hibernate: insert into clientes (direccion, id_distri, email, notas, telefono, dni) values (?, ?, ?, ?, ?, ?)
Hibernate: insert into usuarios (enabled, password, username) values (?, ?, ?)
Hibernate: insert into personas (ape_mat, ape_pat, nombres, username, dni) values (?, ?, ?, ?, ?)
Hibernate: insert into clientes (direccion, id_distri, email, notas, telefono, dni) values (?, ?, ?, ?, ?, ?)
Hibernate: insert into usuarios (enabled, password, username) values (?, ?, ?)
Hibernate: insert into personas (ape_mat, ape_pat, nombres, username, dni) values (?, ?, ?, ?, ?)
Hibernate: insert into clientes (direccion, id_distri, email, notas, telefono, dni) values (?, ?, ?, ?, ?, ?)
Hibernate: insert into usuarios (enabled, password, username) values (?, ?, ?)
Hibernate: insert into personas (ape_mat, ape_pat, nombres, username, dni) values (?, ?, ?, ?, ?)
Hibernate: insert into clientes (direccion, id_distri, email, notas, telefono, dni) values (?, ?, ?, ?, ?, ?)
Hibernate: insert into usuarios (enabled, password, username) values (?, ?, ?)
Hibernate: insert into personas (ape_mat, ape_pat, nombres, username, dni) values (?, ?, ?, ?, ?)
Hibernate: insert into clientes (direccion, id_distri, email, notas, telefono, dni) values (?, ?, ?, ?, ?, ?)
Hibernate: insert into usuarios (enabled, password, username) values (?, ?, ?)
Hibernate: insert into personas (ape_mat, ape_pat, nombres, username, dni) values (?, ?, ?, ?, ?)
Hibernate: insert into clientes (direccion, id_distri, email, notas, telefono, dni) values (?, ?, ?, ?, ?, ?)
Hibernate: insert into usuarios (enabled, password, username) values (?, ?, ?)
Hibernate: insert into personas (ape_mat, ape_pat, nombres, username, dni) values (?, ?, ?, ?, ?)
Hibernate: insert into clientes (direccion, id_distri, email, notas, telefono, dni) values (?, ?, ?, ?, ?, ?)
Hibernate: insert into usuarios (enabled, password, username) values (?, ?, ?)
Hibernate: insert into personas (ape_mat, ape_pat, nombres, username, dni) values (?, ?, ?, ?, ?)
Hibernate: insert into clientes (direccion, id_distri, email, notas, telefono, dni) values (?, ?, ?, ?, ?, ?)
Hibernate: insert into usuarios (enabled, password, username) values (?, ?, ?)
Hibernate: insert into personas (ape_mat, ape_pat, nombres, username, dni) values (?, ?, ?, ?, ?)
Hibernate: insert into clientes (direccion, id_distri, email, notas, telefono, dni) values (?, ?, ?, ?, ?, ?)
Hibernate: insert into usuarios (enabled, password, username) values (?, ?, ?)
Hibernate: insert into personas (ape_mat, ape_pat, nombres, username, dni) values (?, ?, ?, ?, ?)
Hibernate: insert into clientes (direccion, id_distri, email, notas, telefono, dni) values (?, ?, ?, ?, ?, ?)
Hibernate: insert into usuarios (enabled, password, username) values (?, ?, ?)
Hibernate: insert into personas (ape_mat, ape_pat, nombres, username, dni) values (?, ?, ?, ?, ?)
Hibernate: insert into clientes (direccion, id_distri, email, notas, telefono, dni) values (?, ?, ?, ?, ?, ?)
Hibernate: insert into usuarios (enabled, password, username) values (?, ?, ?)
Hibernate: insert into personas (ape_mat, ape_pat, nombres, username, dni) values (?, ?, ?, ?, ?)
Hibernate: insert into clientes (direccion, id_distri, email, notas, telefono, dni) values (?, ?, ?, ?, ?, ?)
Hibernate: insert into usuarios (enabled, password, username) values (?, ?, ?)
Hibernate: insert into personas (ape_mat, ape_pat, nombres, username, dni) values (?, ?, ?, ?, ?)
Hibernate: insert into clientes (direccion, id_distri, email, notas, telefono, dni) values (?, ?, ?, ?, ?, ?)
Hibernate: insert into usuarios (enabled, password, username) values (?, ?, ?)
Hibernate: insert into personas (ape_mat, ape_pat, nombres, username, dni) values (?, ?, ?, ?, ?)
Hibernate: insert into clientes (direccion, id_distri, email, notas, telefono, dni) values (?, ?, ?, ?, ?, ?)
Hibernate: insert into usuarios (enabled, password, username) values (?, ?, ?)
Hibernate: insert into personas (ape_mat, ape_pat, nombres, username, dni) values (?, ?, ?, ?, ?)
Hibernate: insert into clientes (direccion, id_distri, email, notas, telefono, dni) values (?, ?, ?, ?, ?, ?)
Hibernate: insert into usuarios (enabled, password, username) values (?, ?, ?)
Hibernate: insert into personas (ape_mat, ape_pat, nombres, username, dni) values (?, ?, ?, ?, ?)
Hibernate: insert into clientes (direccion, id_distri, email, notas, telefono, dni) values (?, ?, ?, ?, ?, ?)
Hibernate: insert into usuarios (enabled, password, username) values (?, ?, ?)
Hibernate: insert into personas (ape_mat, ape_pat, nombres, username, dni) values (?, ?, ?, ?, ?)
Hibernate: insert into clientes (direccion, id_distri, email, notas, telefono, dni) values (?, ?, ?, ?, ?, ?)
Hibernate: insert into usuarios (enabled, password, username) values (?, ?, ?)
Hibernate: insert into personas (ape_mat, ape_pat, nombres, username, dni) values (?, ?, ?, ?, ?)
Hibernate: insert into clientes (direccion, id_distri, email, notas, telefono, dni) values (?, ?, ?, ?, ?, ?)
Hibernate: insert into usuarios (enabled, password, username) values (?, ?, ?)
Hibernate: insert into personas (ape_mat, ape_pat, nombres, username, dni) values (?, ?, ?, ?, ?)
Hibernate: insert into clientes (direccion, id_distri, email, notas, telefono, dni) values (?, ?, ?, ?, ?, ?)
Hibernate: insert into usuarios (enabled, password, username) values (?, ?, ?)
Hibernate: insert into personas (ape_mat, ape_pat, nombres, username, dni) values (?, ?, ?, ?, ?)
Hibernate: insert into clientes (direccion, id_distri, email, notas, telefono, dni) values (?, ?, ?, ?, ?, ?)
Hibernate: insert into usuarios (enabled, password, username) values (?, ?, ?)
Hibernate: insert into personas (ape_mat, ape_pat, nombres, username, dni) values (?, ?, ?, ?, ?)
Hibernate: insert into clientes (direccion, id_distri, email, notas, telefono, dni) values (?, ?, ?, ?, ?, ?)
Hibernate: insert into usuarios (enabled, password, username) values (?, ?, ?)
Hibernate: insert into personas (ape_mat, ape_pat, nombres, username, dni) values (?, ?, ?, ?, ?)
Hibernate: insert into clientes (direccion, id_distri, email, notas, telefono, dni) values (?, ?, ?, ?, ?, ?)
Hibernate: insert into usuarios (enabled, password, username) values (?, ?, ?)
Hibernate: insert into personas (ape_mat, ape_pat, nombres, username, dni) values (?, ?, ?, ?, ?)
Hibernate: insert into clientes (direccion, id_distri, email, notas, telefono, dni) values (?, ?, ?, ?, ?, ?)
Hibernate: insert into usuarios (enabled, password, username) values (?, ?, ?)
Hibernate: insert into personas (ape_mat, ape_pat, nombres, username, dni) values (?, ?, ?, ?, ?)
Hibernate: insert into clientes (direccion, id_distri, email, notas, telefono, dni) values (?, ?, ?, ?, ?, ?)
Hibernate: insert into usuarios (enabled, password, username) values (?, ?, ?)
Hibernate: insert into personas (ape_mat, ape_pat, nombres, username, dni) values (?, ?, ?, ?, ?)
Hibernate: insert into clientes (direccion, id_distri, email, notas, telefono, dni) values (?, ?, ?, ?, ?, ?)
Hibernate: insert into usuarios (enabled, password, username) values (?, ?, ?)
Hibernate: insert into personas (ape_mat, ape_pat, nombres, username, dni) values (?, ?, ?, ?, ?)
Hibernate: insert into clientes (direccion, id_distri, email, notas, telefono, dni) values (?, ?, ?, ?, ?, ?)
Hibernate: insert into usuarios (enabled, password, username) values (?, ?, ?)
Hibernate: insert into personas (ape_mat, ape_pat, nombres, username, dni) values (?, ?, ?, ?, ?)
Hibernate: insert into clientes (direccion, id_distri, email, notas, telefono, dni) values (?, ?, ?, ?, ?, ?)
Hibernate: insert into usuarios (enabled, password, username) values (?, ?, ?)
Hibernate: insert into personas (ape_mat, ape_pat, nombres, username, dni) values (?, ?, ?, ?, ?)
Hibernate: insert into clientes (direccion, id_distri, email, notas, telefono, dni) values (?, ?, ?, ?, ?, ?)
Hibernate: insert into usuarios (enabled, password, username) values (?, ?, ?)
Hibernate: insert into personas (ape_mat, ape_pat, nombres, username, dni) values (?, ?, ?, ?, ?)
Hibernate: insert into clientes (direccion, id_distri, email, notas, telefono, dni) values (?, ?, ?, ?, ?, ?)
Hibernate: insert into usuarios (enabled, password, username) values (?, ?, ?)
Hibernate: insert into personas (ape_mat, ape_pat, nombres, username, dni) values (?, ?, ?, ?, ?)
Hibernate: insert into clientes (direccion, id_distri, email, notas, telefono, dni) values (?, ?, ?, ?, ?, ?)
Hibernate: insert into usuarios (enabled, password, username) values (?, ?, ?)
Hibernate: insert into personas (ape_mat, ape_pat, nombres, username, dni) values (?, ?, ?, ?, ?)
Hibernate: insert into clientes (direccion, id_distri, email, notas, telefono, dni) values (?, ?, ?, ?, ?, ?)
Hibernate: insert into usuarios (enabled, password, username) values (?, ?, ?)
Hibernate: insert into personas (ape_mat, ape_pat, nombres, username, dni) values (?, ?, ?, ?, ?)
Hibernate: insert into clientes (direccion, id_distri, email, notas, telefono, dni) values (?, ?, ?, ?, ?, ?)
Hibernate: insert into usuarios (enabled, password, username) values (?, ?, ?)
Hibernate: insert into personas (ape_mat, ape_pat, nombres, username, dni) values (?, ?, ?, ?, ?)
Hibernate: insert into clientes (direccion, id_distri, email, notas, telefono, dni) values (?, ?, ?, ?, ?, ?)
Hibernate: insert into usuarios (enabled, password, username) values (?, ?, ?)
Hibernate: insert into personas (ape_mat, ape_pat, nombres, username, dni) values (?, ?, ?, ?, ?)
Hibernate: insert into clientes (direccion, id_distri, email, notas, telefono, dni) values (?, ?, ?, ?, ?, ?)
Hibernate: insert into usuarios (enabled, password, username) values (?, ?, ?)
Hibernate: insert into personas (ape_mat, ape_pat, nombres, username, dni) values (?, ?, ?, ?, ?)
Hibernate: insert into clientes (direccion, id_distri, email, notas, telefono, dni) values (?, ?, ?, ?, ?, ?)
Hibernate: insert into usuarios (enabled, password, username) values (?, ?, ?)
Hibernate: insert into personas (ape_mat, ape_pat, nombres, username, dni) values (?, ?, ?, ?, ?)
Hibernate: insert into clientes (direccion, id_distri, email, notas, telefono, dni) values (?, ?, ?, ?, ?, ?)
Hibernate: insert into usuarios (enabled, password, username) values (?, ?, ?)
Hibernate: insert into personas (ape_mat, ape_pat, nombres, username, dni) values (?, ?, ?, ?, ?)
Hibernate: insert into clientes (direccion, id_distri, email, notas, telefono, dni) values (?, ?, ?, ?, ?, ?)
Hibernate: insert into usuarios (enabled, password, username) values (?, ?, ?)
Hibernate: insert into personas (ape_mat, ape_pat, nombres, username, dni) values (?, ?, ?, ?, ?)
Hibernate: insert into clientes (direccion, id_distri, email, notas, telefono, dni) values (?, ?, ?, ?, ?, ?)
Hibernate: insert into usuarios (enabled, password, username) values (?, ?, ?)
Hibernate: insert into personas (ape_mat, ape_pat, nombres, username, dni) values (?, ?, ?, ?, ?)
Hibernate: insert into clientes (direccion, id_distri, email, notas, telefono, dni) values (?, ?, ?, ?, ?, ?)
Hibernate: insert into usuarios (enabled, password, username) values (?, ?, ?)
Hibernate: insert into personas (ape_mat, ape_pat, nombres, username, dni) values (?, ?, ?, ?, ?)
Hibernate: insert into clientes (direccion, id_distri, email, notas, telefono, dni) values (?, ?, ?, ?, ?, ?)
Hibernate: insert into usuarios (enabled, password, username) values (?, ?, ?)
Hibernate: insert into personas (ape_mat, ape_pat, nombres, username, dni) values (?, ?, ?, ?, ?)
Hibernate: insert into clientes (direccion, id_distri, email, notas, telefono, dni) values (?, ?, ?, ?, ?, ?)
Hibernate: insert into usuarios (enabled, password, username) values (?, ?, ?)
Hibernate: insert into personas (ape_mat, ape_pat, nombres, username, dni) values (?, ?, ?, ?, ?)
Hibernate: insert into clientes (direccion, id_distri, email, notas, telefono, dni) values (?, ?, ?, ?, ?, ?)
Hibernate: insert into usuarios (enabled, password, username) values (?, ?, ?)
Hibernate: insert into personas (ape_mat, ape_pat, nombres, username, dni) values (?, ?, ?, ?, ?)
Hibernate: insert into clientes (direccion, id_distri, email, notas, telefono, dni) values (?, ?, ?, ?, ?, ?)
Hibernate: insert into usuarios (enabled, password, username) values (?, ?, ?)
Hibernate: insert into personas (ape_mat, ape_pat, nombres, username, dni) values (?, ?, ?, ?, ?)
Hibernate: insert into clientes (direccion, id_distri, email, notas, telefono, dni) values (?, ?, ?, ?, ?, ?)
Hibernate: insert into usuarios (enabled, password, username) values (?, ?, ?)
Hibernate: insert into personas (ape_mat, ape_pat, nombres, username, dni) values (?, ?, ?, ?, ?)
Hibernate: insert into clientes (direccion, id_distri, email, notas, telefono, dni) values (?, ?, ?, ?, ?, ?)
Hibernate: insert into usuarios (enabled, password, username) values (?, ?, ?)
Hibernate: insert into personas (ape_mat, ape_pat, nombres, username, dni) values (?, ?, ?, ?, ?)
Hibernate: insert into clientes (direccion, id_distri, email, notas, telefono, dni) values (?, ?, ?, ?, ?, ?)
Hibernate: insert into usuarios (enabled, password, username) values (?, ?, ?)
Hibernate: insert into personas (ape_mat, ape_pat, nombres, username, dni) values (?, ?, ?, ?, ?)
Hibernate: insert into clientes (direccion, id_distri, email, notas, telefono, dni) values (?, ?, ?, ?, ?, ?)
Hibernate: insert into usuarios (enabled, password, username) values (?, ?, ?)
Hibernate: insert into personas (ape_mat, ape_pat, nombres, username, dni) values (?, ?, ?, ?, ?)
Hibernate: insert into clientes (direccion, id_distri, email, notas, telefono, dni) values (?, ?, ?, ?, ?, ?)
Hibernate: insert into usuarios (enabled, password, username) values (?, ?, ?)
Hibernate: insert into personas (ape_mat, ape_pat, nombres, username, dni) values (?, ?, ?, ?, ?)
Hibernate: insert into clientes (direccion, id_distri, email, notas, telefono, dni) values (?, ?, ?, ?, ?, ?)
Hibernate: insert into usuarios (enabled, password, username) values (?, ?, ?)
Hibernate: insert into personas (ape_mat, ape_pat, nombres, username, dni) values (?, ?, ?, ?, ?)
Hibernate: insert into clientes (direccion, id_distri, email, notas, telefono, dni) values (?, ?, ?, ?, ?, ?)
Hibernate: insert into usuarios (enabled, password, username) values (?, ?, ?)
Hibernate: insert into personas (ape_mat, ape_pat, nombres, username, dni) values (?, ?, ?, ?, ?)
Hibernate: insert into clientes (direccion, id_distri, email, notas, telefono, dni) values (?, ?, ?, ?, ?, ?)
Hibernate: insert into usuarios (enabled, password, username) values (?, ?, ?)
Hibernate: insert into personas (ape_mat, ape_pat, nombres, username, dni) values (?, ?, ?, ?, ?)
Hibernate: insert into clientes (direccion, id_distri, email, notas, telefono, dni) values (?, ?, ?, ?, ?, ?)
Hibernate: insert into usuarios (enabled, password, username) values (?, ?, ?)
Hibernate: insert into personas (ape_mat, ape_pat, nombres, username, dni) values (?, ?, ?, ?, ?)
Hibernate: insert into clientes (direccion, id_distri, email, notas, telefono, dni) values (?, ?, ?, ?, ?, ?)
Hibernate: insert into usuarios (enabled, password, username) values (?, ?, ?)
Hibernate: insert into personas (ape_mat, ape_pat, nombres, username, dni) values (?, ?, ?, ?, ?)
Hibernate: insert into clientes (direccion, id_distri, email, notas, telefono, dni) values (?, ?, ?, ?, ?, ?)
Hibernate: insert into usuarios (enabled, password, username) values (?, ?, ?)
Hibernate: insert into personas (ape_mat, ape_pat, nombres, username, dni) values (?, ?, ?, ?, ?)
Hibernate: insert into clientes (direccion, id_distri, email, notas, telefono, dni) values (?, ?, ?, ?, ?, ?)
Hibernate: insert into usuarios (enabled, password, username) values (?, ?, ?)
Hibernate: insert into personas (ape_mat, ape_pat, nombres, username, dni) values (?, ?, ?, ?, ?)
Hibernate: insert into clientes (direccion, id_distri, email, notas, telefono, dni) values (?, ?, ?, ?, ?, ?)
Hibernate: insert into usuarios (enabled, password, username) values (?, ?, ?)
Hibernate: insert into personas (ape_mat, ape_pat, nombres, username, dni) values (?, ?, ?, ?, ?)
Hibernate: insert into clientes (direccion, id_distri, email, notas, telefono, dni) values (?, ?, ?, ?, ?, ?)
Hibernate: insert into usuarios (enabled, password, username) values (?, ?, ?)
Hibernate: insert into personas (ape_mat, ape_pat, nombres, username, dni) values (?, ?, ?, ?, ?)
Hibernate: insert into clientes (direccion, id_distri, email, notas, telefono, dni) values (?, ?, ?, ?, ?, ?)
Hibernate: insert into usuarios (enabled, password, username) values (?, ?, ?)
Hibernate: insert into personas (ape_mat, ape_pat, nombres, username, dni) values (?, ?, ?, ?, ?)
Hibernate: insert into clientes (direccion, id_distri, email, notas, telefono, dni) values (?, ?, ?, ?, ?, ?)
Hibernate: insert into usuarios (enabled, password, username) values (?, ?, ?)
Hibernate: insert into personas (ape_mat, ape_pat, nombres, username, dni) values (?, ?, ?, ?, ?)
Hibernate: insert into clientes (direccion, id_distri, email, notas, telefono, dni) values (?, ?, ?, ?, ?, ?)
Hibernate: insert into usuarios (enabled, password, username) values (?, ?, ?)
Hibernate: insert into personas (ape_mat, ape_pat, nombres, username, dni) values (?, ?, ?, ?, ?)
Hibernate: insert into clientes (direccion, id_distri, email, notas, telefono, dni) values (?, ?, ?, ?, ?, ?)
Hibernate: insert into usuarios (enabled, password, username) values (?, ?, ?)
Hibernate: insert into personas (ape_mat, ape_pat, nombres, username, dni) values (?, ?, ?, ?, ?)
Hibernate: insert into clientes (direccion, id_distri, email, notas, telefono, dni) values (?, ?, ?, ?, ?, ?)
Hibernate: insert into usuarios (enabled, password, username) values (?, ?, ?)
Hibernate: insert into personas (ape_mat, ape_pat, nombres, username, dni) values (?, ?, ?, ?, ?)
Hibernate: insert into clientes (direccion, id_distri, email, notas, telefono, dni) values (?, ?, ?, ?, ?, ?)
Hibernate: insert into usuarios (enabled, password, username) values (?, ?, ?)
Hibernate: insert into personas (ape_mat, ape_pat, nombres, username, dni) values (?, ?, ?, ?, ?)
Hibernate: insert into clientes (direccion, id_distri, email, notas, telefono, dni) values (?, ?, ?, ?, ?, ?)
Hibernate: insert into usuarios (enabled, password, username) values (?, ?, ?)
Hibernate: insert into personas (ape_mat, ape_pat, nombres, username, dni) values (?, ?, ?, ?, ?)
Hibernate: insert into clientes (direccion, id_distri, email, notas, telefono, dni) values (?, ?, ?, ?, ?, ?)
Hibernate: insert into usuarios (enabled, password, username) values (?, ?, ?)
Hibernate: insert into personas (ape_mat, ape_pat, nombres, username, dni) values (?, ?, ?, ?, ?)
Hibernate: insert into clientes (direccion, id_distri, email, notas, telefono, dni) values (?, ?, ?, ?, ?, ?)
Hibernate: insert into usuarios (enabled, password, username) values (?, ?, ?)
Hibernate: insert into personas (ape_mat, ape_pat, nombres, username, dni) values (?, ?, ?, ?, ?)
Hibernate: insert into clientes (direccion, id_distri, email, notas, telefono, dni) values (?, ?, ?, ?, ?, ?)
Hibernate: insert into usuarios (enabled, password, username) values (?, ?, ?)
Hibernate: insert into personas (ape_mat, ape_pat, nombres, username, dni) values (?, ?, ?, ?, ?)
Hibernate: insert into clientes (direccion, id_distri, email, notas, telefono, dni) values (?, ?, ?, ?, ?, ?)
Hibernate: insert into usuarios (enabled, password, username) values (?, ?, ?)
Hibernate: insert into personas (ape_mat, ape_pat, nombres, username, dni) values (?, ?, ?, ?, ?)
Hibernate: insert into clientes (direccion, id_distri, email, notas, telefono, dni) values (?, ?, ?, ?, ?, ?)
Hibernate: insert into usuarios (enabled, password, username) values (?, ?, ?)
Hibernate: insert into personas (ape_mat, ape_pat, nombres, username, dni) values (?, ?, ?, ?, ?)
Hibernate: insert into clientes (direccion, id_distri, email, notas, telefono, dni) values (?, ?, ?, ?, ?, ?)
Hibernate: insert into usuarios (enabled, password, username) values (?, ?, ?)
Hibernate: insert into personas (ape_mat, ape_pat, nombres, username, dni) values (?, ?, ?, ?, ?)
Hibernate: insert into clientes (direccion, id_distri, email, notas, telefono, dni) values (?, ?, ?, ?, ?, ?)
Hibernate: insert into usuarios (enabled, password, username) values (?, ?, ?)
Hibernate: insert into personas (ape_mat, ape_pat, nombres, username, dni) values (?, ?, ?, ?, ?)
Hibernate: insert into clientes (direccion, id_distri, email, notas, telefono, dni) values (?, ?, ?, ?, ?, ?)
Hibernate: insert into usuarios (enabled, password, username) values (?, ?, ?)
Hibernate: insert into personas (ape_mat, ape_pat, nombres, username, dni) values (?, ?, ?, ?, ?)
Hibernate: insert into clientes (direccion, id_distri, email, notas, telefono, dni) values (?, ?, ?, ?, ?, ?)
Hibernate: insert into usuarios (enabled, password, username) values (?, ?, ?)
Hibernate: insert into personas (ape_mat, ape_pat, nombres, username, dni) values (?, ?, ?, ?, ?)
Hibernate: insert into clientes (direccion, id_distri, email, notas, telefono, dni) values (?, ?, ?, ?, ?, ?)
Hibernate: insert into usuarios (enabled, password, username) values (?, ?, ?)
Hibernate: insert into personas (ape_mat, ape_pat, nombres, username, dni) values (?, ?, ?, ?, ?)
Hibernate: insert into clientes (direccion, id_distri, email, notas, telefono, dni) values (?, ?, ?, ?, ?, ?)
Hibernate: insert into usuarios (enabled, password, username) values (?, ?, ?)
Hibernate: insert into personas (ape_mat, ape_pat, nombres, username, dni) values (?, ?, ?, ?, ?)
Hibernate: insert into clientes (direccion, id_distri, email, notas, telefono, dni) values (?, ?, ?, ?, ?, ?)
Hibernate: insert into usuarios (enabled, password, username) values (?, ?, ?)
Hibernate: insert into personas (ape_mat, ape_pat, nombres, username, dni) values (?, ?, ?, ?, ?)
Hibernate: insert into clientes (direccion, id_distri, email, notas, telefono, dni) values (?, ?, ?, ?, ?, ?)
Hibernate: insert into usuarios (enabled, password, username) values (?, ?, ?)
Hibernate: insert into personas (ape_mat, ape_pat, nombres, username, dni) values (?, ?, ?, ?, ?)
Hibernate: insert into clientes (direccion, id_distri, email, notas, telefono, dni) values (?, ?, ?, ?, ?, ?)
Hibernate: insert into usuarios (enabled, password, username) values (?, ?, ?)
Hibernate: insert into personas (ape_mat, ape_pat, nombres, username, dni) values (?, ?, ?, ?, ?)
Hibernate: insert into clientes (direccion, id_distri, email, notas, telefono, dni) values (?, ?, ?, ?, ?, ?)
Hibernate: insert into usuarios (enabled, password, username) values (?, ?, ?)
Hibernate: insert into personas (ape_mat, ape_pat, nombres, username, dni) values (?, ?, ?, ?, ?)
Hibernate: insert into clientes (direccion, id_distri, email, notas, telefono, dni) values (?, ?, ?, ?, ?, ?)
Hibernate: insert into usuarios (enabled, password, username) values (?, ?, ?)
Hibernate: insert into personas (ape_mat, ape_pat, nombres, username, dni) values (?, ?, ?, ?, ?)
Hibernate: insert into clientes (direccion, id_distri, email, notas, telefono, dni) values (?, ?, ?, ?, ?, ?)
Hibernate: insert into usuarios (enabled, password, username) values (?, ?, ?)
Hibernate: insert into personas (ape_mat, ape_pat, nombres, username, dni) values (?, ?, ?, ?, ?)
Hibernate: insert into clientes (direccion, id_distri, email, notas, telefono, dni) values (?, ?, ?, ?, ?, ?)
Hibernate: insert into usuarios (enabled, password, username) values (?, ?, ?)
Hibernate: insert into personas (ape_mat, ape_pat, nombres, username, dni) values (?, ?, ?, ?, ?)
Hibernate: insert into clientes (direccion, id_distri, email, notas, telefono, dni) values (?, ?, ?, ?, ?, ?)
Hibernate: insert into usuarios (enabled, password, username) values (?, ?, ?)
Hibernate: insert into personas (ape_mat, ape_pat, nombres, username, dni) values (?, ?, ?, ?, ?)
Hibernate: insert into clientes (direccion, id_distri, email, notas, telefono, dni) values (?, ?, ?, ?, ?, ?)
Hibernate: insert into usuarios (enabled, password, username) values (?, ?, ?)
Hibernate: insert into personas (ape_mat, ape_pat, nombres, username, dni) values (?, ?, ?, ?, ?)
Hibernate: insert into clientes (direccion, id_distri, email, notas, telefono, dni) values (?, ?, ?, ?, ?, ?)
Hibernate: insert into usuarios (enabled, password, username) values (?, ?, ?)
Hibernate: insert into personas (ape_mat, ape_pat, nombres, username, dni) values (?, ?, ?, ?, ?)
Hibernate: insert into clientes (direccion, id_distri, email, notas, telefono, dni) values (?, ?, ?, ?, ?, ?)
Hibernate: insert into usuarios (enabled, password, username) values (?, ?, ?)
Hibernate: insert into personas (ape_mat, ape_pat, nombres, username, dni) values (?, ?, ?, ?, ?)
Hibernate: insert into clientes (direccion, id_distri, email, notas, telefono, dni) values (?, ?, ?, ?, ?, ?)
Hibernate: insert into usuarios (enabled, password, username) values (?, ?, ?)
Hibernate: insert into personas (ape_mat, ape_pat, nombres, username, dni) values (?, ?, ?, ?, ?)
Hibernate: insert into clientes (direccion, id_distri, email, notas, telefono, dni) values (?, ?, ?, ?, ?, ?)
Hibernate: insert into usuarios (enabled, password, username) values (?, ?, ?)
Hibernate: insert into personas (ape_mat, ape_pat, nombres, username, dni) values (?, ?, ?, ?, ?)
Hibernate: insert into clientes (direccion, id_distri, email, notas, telefono, dni) values (?, ?, ?, ?, ?, ?)
Hibernate: insert into usuarios (enabled, password, username) values (?, ?, ?)
Hibernate: insert into personas (ape_mat, ape_pat, nombres, username, dni) values (?, ?, ?, ?, ?)
Hibernate: insert into clientes (direccion, id_distri, email, notas, telefono, dni) values (?, ?, ?, ?, ?, ?)
Hibernate: insert into usuarios (enabled, password, username) values (?, ?, ?)
Hibernate: insert into personas (ape_mat, ape_pat, nombres, username, dni) values (?, ?, ?, ?, ?)
Hibernate: insert into clientes (direccion, id_distri, email, notas, telefono, dni) values (?, ?, ?, ?, ?, ?)
Hibernate: insert into usuarios (enabled, password, username) values (?, ?, ?)
Hibernate: insert into personas (ape_mat, ape_pat, nombres, username, dni) values (?, ?, ?, ?, ?)
Hibernate: insert into clientes (direccion, id_distri, email, notas, telefono, dni) values (?, ?, ?, ?, ?, ?)
Hibernate: insert into usuarios (enabled, password, username) values (?, ?, ?)
Hibernate: insert into personas (ape_mat, ape_pat, nombres, username, dni) values (?, ?, ?, ?, ?)
Hibernate: insert into clientes (direccion, id_distri, email, notas, telefono, dni) values (?, ?, ?, ?, ?, ?)
Hibernate: insert into usuarios (enabled, password, username) values (?, ?, ?)
Hibernate: insert into personas (ape_mat, ape_pat, nombres, username, dni) values (?, ?, ?, ?, ?)
Hibernate: insert into clientes (direccion, id_distri, email, notas, telefono, dni) values (?, ?, ?, ?, ?, ?)
Hibernate: insert into usuarios (enabled, password, username) values (?, ?, ?)
Hibernate: insert into personas (ape_mat, ape_pat, nombres, username, dni) values (?, ?, ?, ?, ?)
Hibernate: insert into clientes (direccion, id_distri, email, notas, telefono, dni) values (?, ?, ?, ?, ?, ?)
Hibernate: insert into usuarios (enabled, password, username) values (?, ?, ?)
Hibernate: insert into personas (ape_mat, ape_pat, nombres, username, dni) values (?, ?, ?, ?, ?)
Hibernate: insert into clientes (direccion, id_distri, email, notas, telefono, dni) values (?, ?, ?, ?, ?, ?)
Hibernate: insert into usuarios (enabled, password, username) values (?, ?, ?)
Hibernate: insert into personas (ape_mat, ape_pat, nombres, username, dni) values (?, ?, ?, ?, ?)
Hibernate: insert into clientes (direccion, id_distri, email, notas, telefono, dni) values (?, ?, ?, ?, ?, ?)
Hibernate: insert into usuarios (enabled, password, username) values (?, ?, ?)
Hibernate: insert into personas (ape_mat, ape_pat, nombres, username, dni) values (?, ?, ?, ?, ?)
Hibernate: insert into clientes (direccion, id_distri, email, notas, telefono, dni) values (?, ?, ?, ?, ?, ?)
Hibernate: insert into usuarios (enabled, password, username) values (?, ?, ?)
Hibernate: insert into personas (ape_mat, ape_pat, nombres, username, dni) values (?, ?, ?, ?, ?)
Hibernate: insert into clientes (direccion, id_distri, email, notas, telefono, dni) values (?, ?, ?, ?, ?, ?)
Hibernate: insert into usuarios (enabled, password, username) values (?, ?, ?)
Hibernate: insert into personas (ape_mat, ape_pat, nombres, username, dni) values (?, ?, ?, ?, ?)
Hibernate: insert into clientes (direccion, id_distri, email, notas, telefono, dni) values (?, ?, ?, ?, ?, ?)
Hibernate: insert into usuarios (enabled, password, username) values (?, ?, ?)
Hibernate: insert into personas (ape_mat, ape_pat, nombres, username, dni) values (?, ?, ?, ?, ?)
Hibernate: insert into clientes (direccion, id_distri, email, notas, telefono, dni) values (?, ?, ?, ?, ?, ?)
Hibernate: insert into usuarios (enabled, password, username) values (?, ?, ?)
Hibernate: insert into personas (ape_mat, ape_pat, nombres, username, dni) values (?, ?, ?, ?, ?)
Hibernate: insert into clientes (direccion, id_distri, email, notas, telefono, dni) values (?, ?, ?, ?, ?, ?)
Hibernate: insert into usuarios (enabled, password, username) values (?, ?, ?)
Hibernate: insert into personas (ape_mat, ape_pat, nombres, username, dni) values (?, ?, ?, ?, ?)
Hibernate: insert into clientes (direccion, id_distri, email, notas, telefono, dni) values (?, ?, ?, ?, ?, ?)
Hibernate: insert into usuarios (enabled, password, username) values (?, ?, ?)
Hibernate: insert into personas (ape_mat, ape_pat, nombres, username, dni) values (?, ?, ?, ?, ?)
Hibernate: insert into clientes (direccion, id_distri, email, notas, telefono, dni) values (?, ?, ?, ?, ?, ?)
Hibernate: insert into usuarios (enabled, password, username) values (?, ?, ?)
Hibernate: insert into personas (ape_mat, ape_pat, nombres, username, dni) values (?, ?, ?, ?, ?)
Hibernate: insert into clientes (direccion, id_distri, email, notas, telefono, dni) values (?, ?, ?, ?, ?, ?)
Hibernate: insert into usuarios (enabled, password, username) values (?, ?, ?)
Hibernate: insert into personas (ape_mat, ape_pat, nombres, username, dni) values (?, ?, ?, ?, ?)
Hibernate: insert into clientes (direccion, id_distri, email, notas, telefono, dni) values (?, ?, ?, ?, ?, ?)
Hibernate: insert into usuarios (enabled, password, username) values (?, ?, ?)
Hibernate: insert into personas (ape_mat, ape_pat, nombres, username, dni) values (?, ?, ?, ?, ?)
Hibernate: insert into clientes (direccion, id_distri, email, notas, telefono, dni) values (?, ?, ?, ?, ?, ?)
Hibernate: insert into usuarios (enabled, password, username) values (?, ?, ?)
Hibernate: insert into personas (ape_mat, ape_pat, nombres, username, dni) values (?, ?, ?, ?, ?)
Hibernate: insert into clientes (direccion, id_distri, email, notas, telefono, dni) values (?, ?, ?, ?, ?, ?)
Hibernate: insert into usuarios (enabled, password, username) values (?, ?, ?)
Hibernate: insert into personas (ape_mat, ape_pat, nombres, username, dni) values (?, ?, ?, ?, ?)
Hibernate: insert into clientes (direccion, id_distri, email, notas, telefono, dni) values (?, ?, ?, ?, ?, ?)
Hibernate: insert into usuarios (enabled, password, username) values (?, ?, ?)
Hibernate: insert into personas (ape_mat, ape_pat, nombres, username, dni) values (?, ?, ?, ?, ?)
Hibernate: insert into clientes (direccion, id_distri, email, notas, telefono, dni) values (?, ?, ?, ?, ?, ?)
Hibernate: insert into usuarios (enabled, password, username) values (?, ?, ?)
Hibernate: insert into personas (ape_mat, ape_pat, nombres, username, dni) values (?, ?, ?, ?, ?)
Hibernate: insert into clientes (direccion, id_distri, email, notas, telefono, dni) values (?, ?, ?, ?, ?, ?)
Hibernate: insert into usuarios (enabled, password, username) values (?, ?, ?)
Hibernate: insert into personas (ape_mat, ape_pat, nombres, username, dni) values (?, ?, ?, ?, ?)
Hibernate: insert into clientes (direccion, id_distri, email, notas, telefono, dni) values (?, ?, ?, ?, ?, ?)
Hibernate: insert into usuarios (enabled, password, username) values (?, ?, ?)
Hibernate: insert into personas (ape_mat, ape_pat, nombres, username, dni) values (?, ?, ?, ?, ?)
Hibernate: insert into clientes (direccion, id_distri, email, notas, telefono, dni) values (?, ?, ?, ?, ?, ?)
Hibernate: insert into usuarios (enabled, password, username) values (?, ?, ?)
Hibernate: insert into personas (ape_mat, ape_pat, nombres, username, dni) values (?, ?, ?, ?, ?)
Hibernate: insert into clientes (direccion, id_distri, email, notas, telefono, dni) values (?, ?, ?, ?, ?, ?)
Hibernate: insert into usuarios (enabled, password, username) values (?, ?, ?)
Hibernate: insert into personas (ape_mat, ape_pat, nombres, username, dni) values (?, ?, ?, ?, ?)
Hibernate: insert into clientes (direccion, id_distri, email, notas, telefono, dni) values (?, ?, ?, ?, ?, ?)
Hibernate: insert into usuarios (enabled, password, username) values (?, ?, ?)
Hibernate: insert into personas (ape_mat, ape_pat, nombres, username, dni) values (?, ?, ?, ?, ?)
Hibernate: insert into clientes (direccion, id_distri, email, notas, telefono, dni) values (?, ?, ?, ?, ?, ?)
Hibernate: insert into usuarios (enabled, password, username) values (?, ?, ?)
Hibernate: insert into personas (ape_mat, ape_pat, nombres, username, dni) values (?, ?, ?, ?, ?)
Hibernate: insert into clientes (direccion, id_distri, email, notas, telefono, dni) values (?, ?, ?, ?, ?, ?)
Hibernate: insert into usuarios (enabled, password, username) values (?, ?, ?)
Hibernate: insert into personas (ape_mat, ape_pat, nombres, username, dni) values (?, ?, ?, ?, ?)
Hibernate: insert into clientes (direccion, id_distri, email, notas, telefono, dni) values (?, ?, ?, ?, ?, ?)
Hibernate: insert into usuarios (enabled, password, username) values (?, ?, ?)
Hibernate: insert into personas (ape_mat, ape_pat, nombres, username, dni) values (?, ?, ?, ?, ?)
Hibernate: insert into clientes (direccion, id_distri, email, notas, telefono, dni) values (?, ?, ?, ?, ?, ?)
Hibernate: insert into usuarios (enabled, password, username) values (?, ?, ?)
Hibernate: insert into personas (ape_mat, ape_pat, nombres, username, dni) values (?, ?, ?, ?, ?)
Hibernate: insert into clientes (direccion, id_distri, email, notas, telefono, dni) values (?, ?, ?, ?, ?, ?)
Hibernate: insert into usuarios (enabled, password, username) values (?, ?, ?)
Hibernate: insert into personas (ape_mat, ape_pat, nombres, username, dni) values (?, ?, ?, ?, ?)
Hibernate: insert into clientes (direccion, id_distri, email, notas, telefono, dni) values (?, ?, ?, ?, ?, ?)
Hibernate: insert into usuarios (enabled, password, username) values (?, ?, ?)
Hibernate: insert into personas (ape_mat, ape_pat, nombres, username, dni) values (?, ?, ?, ?, ?)
Hibernate: insert into clientes (direccion, id_distri, email, notas, telefono, dni) values (?, ?, ?, ?, ?, ?)
Hibernate: insert into usuarios (enabled, password, username) values (?, ?, ?)
Hibernate: insert into personas (ape_mat, ape_pat, nombres, username, dni) values (?, ?, ?, ?, ?)
Hibernate: insert into clientes (direccion, id_distri, email, notas, telefono, dni) values (?, ?, ?, ?, ?, ?)
Hibernate: insert into usuarios (enabled, password, username) values (?, ?, ?)
Hibernate: insert into personas (ape_mat, ape_pat, nombres, username, dni) values (?, ?, ?, ?, ?)
Hibernate: insert into clientes (direccion, id_distri, email, notas, telefono, dni) values (?, ?, ?, ?, ?, ?)
Hibernate: insert into usuarios (enabled, password, username) values (?, ?, ?)
Hibernate: insert into personas (ape_mat, ape_pat, nombres, username, dni) values (?, ?, ?, ?, ?)
Hibernate: insert into clientes (direccion, id_distri, email, notas, telefono, dni) values (?, ?, ?, ?, ?, ?)
Hibernate: insert into usuarios (enabled, password, username) values (?, ?, ?)
Hibernate: insert into personas (ape_mat, ape_pat, nombres, username, dni) values (?, ?, ?, ?, ?)
Hibernate: insert into clientes (direccion, id_distri, email, notas, telefono, dni) values (?, ?, ?, ?, ?, ?)
Hibernate: insert into usuarios (enabled, password, username) values (?, ?, ?)
Hibernate: insert into personas (ape_mat, ape_pat, nombres, username, dni) values (?, ?, ?, ?, ?)
Hibernate: insert into clientes (direccion, id_distri, email, notas, telefono, dni) values (?, ?, ?, ?, ?, ?)
Hibernate: insert into usuarios (enabled, password, username) values (?, ?, ?)
Hibernate: insert into personas (ape_mat, ape_pat, nombres, username, dni) values (?, ?, ?, ?, ?)
Hibernate: insert into clientes (direccion, id_distri, email, notas, telefono, dni) values (?, ?, ?, ?, ?, ?)
Hibernate: insert into usuarios (enabled, password, username) values (?, ?, ?)
Hibernate: insert into personas (ape_mat, ape_pat, nombres, username, dni) values (?, ?, ?, ?, ?)
Hibernate: insert into clientes (direccion, id_distri, email, notas, telefono, dni) values (?, ?, ?, ?, ?, ?)
Hibernate: insert into usuarios (enabled, password, username) values (?, ?, ?)
Hibernate: insert into personas (ape_mat, ape_pat, nombres, username, dni) values (?, ?, ?, ?, ?)
Hibernate: insert into clientes (direccion, id_distri, email, notas, telefono, dni) values (?, ?, ?, ?, ?, ?)
Hibernate: insert into usuarios (enabled, password, username) values (?, ?, ?)
Hibernate: insert into personas (ape_mat, ape_pat, nombres, username, dni) values (?, ?, ?, ?, ?)
Hibernate: insert into clientes (direccion, id_distri, email, notas, telefono, dni) values (?, ?, ?, ?, ?, ?)
Hibernate: insert into usuarios (enabled, password, username) values (?, ?, ?)
Hibernate: insert into personas (ape_mat, ape_pat, nombres, username, dni) values (?, ?, ?, ?, ?)
Hibernate: insert into clientes (direccion, id_distri, email, notas, telefono, dni) values (?, ?, ?, ?, ?, ?)
Hibernate: insert into usuarios (enabled, password, username) values (?, ?, ?)
Hibernate: insert into personas (ape_mat, ape_pat, nombres, username, dni) values (?, ?, ?, ?, ?)
Hibernate: insert into clientes (direccion, id_distri, email, notas, telefono, dni) values (?, ?, ?, ?, ?, ?)
Hibernate: insert into usuarios (enabled, password, username) values (?, ?, ?)
Hibernate: insert into personas (ape_mat, ape_pat, nombres, username, dni) values (?, ?, ?, ?, ?)
Hibernate: insert into clientes (direccion, id_distri, email, notas, telefono, dni) values (?, ?, ?, ?, ?, ?)
Hibernate: insert into usuarios (enabled, password, username) values (?, ?, ?)
Hibernate: insert into personas (ape_mat, ape_pat, nombres, username, dni) values (?, ?, ?, ?, ?)
Hibernate: insert into clientes (direccion, id_distri, email, notas, telefono, dni) values (?, ?, ?, ?, ?, ?)
Hibernate: insert into usuarios (enabled, password, username) values (?, ?, ?)
Hibernate: insert into personas (ape_mat, ape_pat, nombres, username, dni) values (?, ?, ?, ?, ?)
Hibernate: insert into clientes (direccion, id_distri, email, notas, telefono, dni) values (?, ?, ?, ?, ?, ?)
Hibernate: insert into usuarios (enabled, password, username) values (?, ?, ?)
Hibernate: insert into personas (ape_mat, ape_pat, nombres, username, dni) values (?, ?, ?, ?, ?)
Hibernate: insert into clientes (direccion, id_distri, email, notas, telefono, dni) values (?, ?, ?, ?, ?, ?)
Hibernate: insert into usuarios (enabled, password, username) values (?, ?, ?)
Hibernate: insert into personas (ape_mat, ape_pat, nombres, username, dni) values (?, ?, ?, ?, ?)
Hibernate: insert into clientes (direccion, id_distri, email, notas, telefono, dni) values (?, ?, ?, ?, ?, ?)
Hibernate: insert into usuarios (enabled, password, username) values (?, ?, ?)
Hibernate: insert into personas (ape_mat, ape_pat, nombres, username, dni) values (?, ?, ?, ?, ?)
Hibernate: insert into clientes (direccion, id_distri, email, notas, telefono, dni) values (?, ?, ?, ?, ?, ?)
Hibernate: insert into usuarios (enabled, password, username) values (?, ?, ?)
Hibernate: insert into personas (ape_mat, ape_pat, nombres, username, dni) values (?, ?, ?, ?, ?)
Hibernate: insert into clientes (direccion, id_distri, email, notas, telefono, dni) values (?, ?, ?, ?, ?, ?)
Hibernate: insert into usuarios (enabled, password, username) values (?, ?, ?)
Hibernate: insert into personas (ape_mat, ape_pat, nombres, username, dni) values (?, ?, ?, ?, ?)
Hibernate: insert into clientes (direccion, id_distri, email, notas, telefono, dni) values (?, ?, ?, ?, ?, ?)
Hibernate: insert into usuarios (enabled, password, username) values (?, ?, ?)
Hibernate: insert into personas (ape_mat, ape_pat, nombres, username, dni) values (?, ?, ?, ?, ?)
Hibernate: insert into clientes (direccion, id_distri, email, notas, telefono, dni) values (?, ?, ?, ?, ?, ?)
Hibernate: insert into usuarios (enabled, password, username) values (?, ?, ?)
Hibernate: insert into personas (ape_mat, ape_pat, nombres, username, dni) values (?, ?, ?, ?, ?)
Hibernate: insert into clientes (direccion, id_distri, email, notas, telefono, dni) values (?, ?, ?, ?, ?, ?)
Hibernate: insert into usuarios (enabled, password, username) values (?, ?, ?)
Hibernate: insert into personas (ape_mat, ape_pat, nombres, username, dni) values (?, ?, ?, ?, ?)
Hibernate: insert into clientes (direccion, id_distri, email, notas, telefono, dni) values (?, ?, ?, ?, ?, ?)
Hibernate: insert into usuarios (enabled, password, username) values (?, ?, ?)
Hibernate: insert into personas (ape_mat, ape_pat, nombres, username, dni) values (?, ?, ?, ?, ?)
Hibernate: insert into clientes (direccion, id_distri, email, notas, telefono, dni) values (?, ?, ?, ?, ?, ?)
Hibernate: insert into usuarios (enabled, password, username) values (?, ?, ?)
Hibernate: insert into personas (ape_mat, ape_pat, nombres, username, dni) values (?, ?, ?, ?, ?)
Hibernate: insert into clientes (direccion, id_distri, email, notas, telefono, dni) values (?, ?, ?, ?, ?, ?)
Hibernate: insert into usuarios (enabled, password, username) values (?, ?, ?)
Hibernate: insert into personas (ape_mat, ape_pat, nombres, username, dni) values (?, ?, ?, ?, ?)
Hibernate: insert into clientes (direccion, id_distri, email, notas, telefono, dni) values (?, ?, ?, ?, ?, ?)
Hibernate: insert into usuarios (enabled, password, username) values (?, ?, ?)
Hibernate: insert into personas (ape_mat, ape_pat, nombres, username, dni) values (?, ?, ?, ?, ?)
Hibernate: insert into clientes (direccion, id_distri, email, notas, telefono, dni) values (?, ?, ?, ?, ?, ?)
Hibernate: insert into usuarios (enabled, password, username) values (?, ?, ?)
Hibernate: insert into personas (ape_mat, ape_pat, nombres, username, dni) values (?, ?, ?, ?, ?)
Hibernate: insert into clientes (direccion, id_distri, email, notas, telefono, dni) values (?, ?, ?, ?, ?, ?)
Hibernate: insert into usuarios (enabled, password, username) values (?, ?, ?)
Hibernate: insert into personas (ape_mat, ape_pat, nombres, username, dni) values (?, ?, ?, ?, ?)
Hibernate: insert into clientes (direccion, id_distri, email, notas, telefono, dni) values (?, ?, ?, ?, ?, ?)
Hibernate: insert into usuarios (enabled, password, username) values (?, ?, ?)
Hibernate: insert into personas (ape_mat, ape_pat, nombres, username, dni) values (?, ?, ?, ?, ?)
Hibernate: insert into clientes (direccion, id_distri, email, notas, telefono, dni) values (?, ?, ?, ?, ?, ?)
Hibernate: insert into usuarios (enabled, password, username) values (?, ?, ?)
Hibernate: insert into personas (ape_mat, ape_pat, nombres, username, dni) values (?, ?, ?, ?, ?)
Hibernate: insert into clientes (direccion, id_distri, email, notas, telefono, dni) values (?, ?, ?, ?, ?, ?)
Hibernate: insert into usuarios (enabled, password, username) values (?, ?, ?)
Hibernate: insert into personas (ape_mat, ape_pat, nombres, username, dni) values (?, ?, ?, ?, ?)
Hibernate: insert into clientes (direccion, id_distri, email, notas, telefono, dni) values (?, ?, ?, ?, ?, ?)
Hibernate: insert into usuarios (enabled, password, username) values (?, ?, ?)
Hibernate: insert into personas (ape_mat, ape_pat, nombres, username, dni) values (?, ?, ?, ?, ?)
Hibernate: insert into clientes (direccion, id_distri, email, notas, telefono, dni) values (?, ?, ?, ?, ?, ?)
Hibernate: insert into usuarios (enabled, password, username) values (?, ?, ?)
Hibernate: insert into personas (ape_mat, ape_pat, nombres, username, dni) values (?, ?, ?, ?, ?)
Hibernate: insert into clientes (direccion, id_distri, email, notas, telefono, dni) values (?, ?, ?, ?, ?, ?)
Hibernate: insert into usuarios (enabled, password, username) values (?, ?, ?)
Hibernate: insert into personas (ape_mat, ape_pat, nombres, username, dni) values (?, ?, ?, ?, ?)
Hibernate: insert into clientes (direccion, id_distri, email, notas, telefono, dni) values (?, ?, ?, ?, ?, ?)
Hibernate: insert into usuarios (enabled, password, username) values (?, ?, ?)
Hibernate: insert into personas (ape_mat, ape_pat, nombres, username, dni) values (?, ?, ?, ?, ?)
Hibernate: insert into clientes (direccion, id_distri, email, notas, telefono, dni) values (?, ?, ?, ?, ?, ?)
Hibernate: insert into usuarios (enabled, password, username) values (?, ?, ?)
Hibernate: insert into personas (ape_mat, ape_pat, nombres, username, dni) values (?, ?, ?, ?, ?)
Hibernate: insert into clientes (direccion, id_distri, email, notas, telefono, dni) values (?, ?, ?, ?, ?, ?)
Hibernate: insert into usuarios (enabled, password, username) values (?, ?, ?)
Hibernate: insert into personas (ape_mat, ape_pat, nombres, username, dni) values (?, ?, ?, ?, ?)
Hibernate: insert into clientes (direccion, id_distri, email, notas, telefono, dni) values (?, ?, ?, ?, ?, ?)
Hibernate: insert into usuarios (enabled, password, username) values (?, ?, ?)
Hibernate: insert into personas (ape_mat, ape_pat, nombres, username, dni) values (?, ?, ?, ?, ?)
Hibernate: insert into clientes (direccion, id_distri, email, notas, telefono, dni) values (?, ?, ?, ?, ?, ?)
Hibernate: insert into usuarios (enabled, password, username) values (?, ?, ?)
Hibernate: insert into personas (ape_mat, ape_pat, nombres, username, dni) values (?, ?, ?, ?, ?)
Hibernate: insert into clientes (direccion, id_distri, email, notas, telefono, dni) values (?, ?, ?, ?, ?, ?)
Hibernate: insert into usuarios (enabled, password, username) values (?, ?, ?)
Hibernate: insert into personas (ape_mat, ape_pat, nombres, username, dni) values (?, ?, ?, ?, ?)
Hibernate: insert into clientes (direccion, id_distri, email, notas, telefono, dni) values (?, ?, ?, ?, ?, ?)
Hibernate: insert into usuarios (enabled, password, username) values (?, ?, ?)
Hibernate: insert into personas (ape_mat, ape_pat, nombres, username, dni) values (?, ?, ?, ?, ?)
Hibernate: insert into clientes (direccion, id_distri, email, notas, telefono, dni) values (?, ?, ?, ?, ?, ?)
Hibernate: insert into usuarios (enabled, password, username) values (?, ?, ?)
Hibernate: insert into personas (ape_mat, ape_pat, nombres, username, dni) values (?, ?, ?, ?, ?)
Hibernate: insert into clientes (direccion, id_distri, email, notas, telefono, dni) values (?, ?, ?, ?, ?, ?)
Hibernate: insert into usuarios (enabled, password, username) values (?, ?, ?)
Hibernate: insert into personas (ape_mat, ape_pat, nombres, username, dni) values (?, ?, ?, ?, ?)
Hibernate: insert into clientes (direccion, id_distri, email, notas, telefono, dni) values (?, ?, ?, ?, ?, ?)
Hibernate: insert into usuarios (enabled, password, username) values (?, ?, ?)
Hibernate: insert into personas (ape_mat, ape_pat, nombres, username, dni) values (?, ?, ?, ?, ?)
Hibernate: insert into clientes (direccion, id_distri, email, notas, telefono, dni) values (?, ?, ?, ?, ?, ?)
Hibernate: insert into usuarios (enabled, password, username) values (?, ?, ?)
Hibernate: insert into personas (ape_mat, ape_pat, nombres, username, dni) values (?, ?, ?, ?, ?)
Hibernate: insert into clientes (direccion, id_distri, email, notas, telefono, dni) values (?, ?, ?, ?, ?, ?)
Hibernate: insert into usuarios (enabled, password, username) values (?, ?, ?)
Hibernate: insert into personas (ape_mat, ape_pat, nombres, username, dni) values (?, ?, ?, ?, ?)
Hibernate: insert into clientes (direccion, id_distri, email, notas, telefono, dni) values (?, ?, ?, ?, ?, ?)
Hibernate: insert into usuarios (enabled, password, username) values (?, ?, ?)
Hibernate: insert into personas (ape_mat, ape_pat, nombres, username, dni) values (?, ?, ?, ?, ?)
Hibernate: insert into clientes (direccion, id_distri, email, notas, telefono, dni) values (?, ?, ?, ?, ?, ?)
Hibernate: insert into usuarios (enabled, password, username) values (?, ?, ?)
Hibernate: insert into personas (ape_mat, ape_pat, nombres, username, dni) values (?, ?, ?, ?, ?)
Hibernate: insert into clientes (direccion, id_distri, email, notas, telefono, dni) values (?, ?, ?, ?, ?, ?)
Hibernate: insert into usuarios (enabled, password, username) values (?, ?, ?)
Hibernate: insert into personas (ape_mat, ape_pat, nombres, username, dni) values (?, ?, ?, ?, ?)
Hibernate: insert into clientes (direccion, id_distri, email, notas, telefono, dni) values (?, ?, ?, ?, ?, ?)
Hibernate: insert into usuarios (enabled, password, username) values (?, ?, ?)
Hibernate: insert into personas (ape_mat, ape_pat, nombres, username, dni) values (?, ?, ?, ?, ?)
Hibernate: insert into clientes (direccion, id_distri, email, notas, telefono, dni) values (?, ?, ?, ?, ?, ?)
Hibernate: insert into usuarios (enabled, password, username) values (?, ?, ?)
Hibernate: insert into personas (ape_mat, ape_pat, nombres, username, dni) values (?, ?, ?, ?, ?)
Hibernate: insert into clientes (direccion, id_distri, email, notas, telefono, dni) values (?, ?, ?, ?, ?, ?)
Hibernate: insert into usuarios (enabled, password, username) values (?, ?, ?)
Hibernate: insert into personas (ape_mat, ape_pat, nombres, username, dni) values (?, ?, ?, ?, ?)
Hibernate: insert into clientes (direccion, id_distri, email, notas, telefono, dni) values (?, ?, ?, ?, ?, ?)
Hibernate: insert into usuarios (enabled, password, username) values (?, ?, ?)
Hibernate: insert into personas (ape_mat, ape_pat, nombres, username, dni) values (?, ?, ?, ?, ?)
Hibernate: insert into clientes (direccion, id_distri, email, notas, telefono, dni) values (?, ?, ?, ?, ?, ?)
Hibernate: insert into usuarios (enabled, password, username) values (?, ?, ?)
Hibernate: insert into personas (ape_mat, ape_pat, nombres, username, dni) values (?, ?, ?, ?, ?)
Hibernate: insert into clientes (direccion, id_distri, email, notas, telefono, dni) values (?, ?, ?, ?, ?, ?)
Hibernate: insert into usuarios (enabled, password, username) values (?, ?, ?)
Hibernate: insert into personas (ape_mat, ape_pat, nombres, username, dni) values (?, ?, ?, ?, ?)
Hibernate: insert into clientes (direccion, id_distri, email, notas, telefono, dni) values (?, ?, ?, ?, ?, ?)
Hibernate: insert into usuarios (enabled, password, username) values (?, ?, ?)
Hibernate: insert into personas (ape_mat, ape_pat, nombres, username, dni) values (?, ?, ?, ?, ?)
Hibernate: insert into clientes (direccion, id_distri, email, notas, telefono, dni) values (?, ?, ?, ?, ?, ?)
Hibernate: insert into usuarios (enabled, password, username) values (?, ?, ?)
Hibernate: insert into personas (ape_mat, ape_pat, nombres, username, dni) values (?, ?, ?, ?, ?)
Hibernate: insert into clientes (direccion, id_distri, email, notas, telefono, dni) values (?, ?, ?, ?, ?, ?)
Hibernate: insert into usuarios (enabled, password, username) values (?, ?, ?)
Hibernate: insert into personas (ape_mat, ape_pat, nombres, username, dni) values (?, ?, ?, ?, ?)
Hibernate: insert into clientes (direccion, id_distri, email, notas, telefono, dni) values (?, ?, ?, ?, ?, ?)
Hibernate: insert into usuarios (enabled, password, username) values (?, ?, ?)
Hibernate: insert into personas (ape_mat, ape_pat, nombres, username, dni) values (?, ?, ?, ?, ?)
Hibernate: insert into clientes (direccion, id_distri, email, notas, telefono, dni) values (?, ?, ?, ?, ?, ?)
Hibernate: insert into usuarios (enabled, password, username) values (?, ?, ?)
Hibernate: insert into personas (ape_mat, ape_pat, nombres, username, dni) values (?, ?, ?, ?, ?)
Hibernate: insert into clientes (direccion, id_distri, email, notas, telefono, dni) values (?, ?, ?, ?, ?, ?)
Hibernate: insert into usuarios (enabled, password, username) values (?, ?, ?)
Hibernate: insert into personas (ape_mat, ape_pat, nombres, username, dni) values (?, ?, ?, ?, ?)
Hibernate: insert into clientes (direccion, id_distri, email, notas, telefono, dni) values (?, ?, ?, ?, ?, ?)
Hibernate: insert into usuarios (enabled, password, username) values (?, ?, ?)
Hibernate: insert into personas (ape_mat, ape_pat, nombres, username, dni) values (?, ?, ?, ?, ?)
Hibernate: insert into clientes (direccion, id_distri, email, notas, telefono, dni) values (?, ?, ?, ?, ?, ?)
Hibernate: insert into usuarios (enabled, password, username) values (?, ?, ?)
Hibernate: insert into personas (ape_mat, ape_pat, nombres, username, dni) values (?, ?, ?, ?, ?)
Hibernate: insert into clientes (direccion, id_distri, email, notas, telefono, dni) values (?, ?, ?, ?, ?, ?)
Hibernate: insert into usuarios (enabled, password, username) values (?, ?, ?)
Hibernate: insert into personas (ape_mat, ape_pat, nombres, username, dni) values (?, ?, ?, ?, ?)
Hibernate: insert into clientes (direccion, id_distri, email, notas, telefono, dni) values (?, ?, ?, ?, ?, ?)
Hibernate: insert into usuarios (enabled, password, username) values (?, ?, ?)
Hibernate: insert into personas (ape_mat, ape_pat, nombres, username, dni) values (?, ?, ?, ?, ?)
Hibernate: insert into clientes (direccion, id_distri, email, notas, telefono, dni) values (?, ?, ?, ?, ?, ?)
Hibernate: insert into usuarios (enabled, password, username) values (?, ?, ?)
Hibernate: insert into personas (ape_mat, ape_pat, nombres, username, dni) values (?, ?, ?, ?, ?)
Hibernate: insert into clientes (direccion, id_distri, email, notas, telefono, dni) values (?, ?, ?, ?, ?, ?)
Hibernate: insert into usuarios (enabled, password, username) values (?, ?, ?)
Hibernate: insert into personas (ape_mat, ape_pat, nombres, username, dni) values (?, ?, ?, ?, ?)
Hibernate: insert into clientes (direccion, id_distri, email, notas, telefono, dni) values (?, ?, ?, ?, ?, ?)
Hibernate: insert into usuarios (enabled, password, username) values (?, ?, ?)
Hibernate: insert into personas (ape_mat, ape_pat, nombres, username, dni) values (?, ?, ?, ?, ?)
Hibernate: insert into clientes (direccion, id_distri, email, notas, telefono, dni) values (?, ?, ?, ?, ?, ?)
Hibernate: insert into usuarios (enabled, password, username) values (?, ?, ?)
Hibernate: insert into personas (ape_mat, ape_pat, nombres, username, dni) values (?, ?, ?, ?, ?)
Hibernate: insert into clientes (direccion, id_distri, email, notas, telefono, dni) values (?, ?, ?, ?, ?, ?)
Hibernate: insert into usuarios (enabled, password, username) values (?, ?, ?)
Hibernate: insert into personas (ape_mat, ape_pat, nombres, username, dni) values (?, ?, ?, ?, ?)
Hibernate: insert into clientes (direccion, id_distri, email, notas, telefono, dni) values (?, ?, ?, ?, ?, ?)
Hibernate: insert into usuarios (enabled, password, username) values (?, ?, ?)
Hibernate: insert into personas (ape_mat, ape_pat, nombres, username, dni) values (?, ?, ?, ?, ?)
Hibernate: insert into clientes (direccion, id_distri, email, notas, telefono, dni) values (?, ?, ?, ?, ?, ?)
Hibernate: insert into usuarios (enabled, password, username) values (?, ?, ?)
Hibernate: insert into personas (ape_mat, ape_pat, nombres, username, dni) values (?, ?, ?, ?, ?)
Hibernate: insert into clientes (direccion, id_distri, email, notas, telefono, dni) values (?, ?, ?, ?, ?, ?)
Hibernate: insert into usuarios (enabled, password, username) values (?, ?, ?)
Hibernate: insert into personas (ape_mat, ape_pat, nombres, username, dni) values (?, ?, ?, ?, ?)
Hibernate: insert into clientes (direccion, id_distri, email, notas, telefono, dni) values (?, ?, ?, ?, ?, ?)
Hibernate: insert into usuarios (enabled, password, username) values (?, ?, ?)
Hibernate: insert into personas (ape_mat, ape_pat, nombres, username, dni) values (?, ?, ?, ?, ?)
Hibernate: insert into clientes (direccion, id_distri, email, notas, telefono, dni) values (?, ?, ?, ?, ?, ?)
Hibernate: insert into usuarios (enabled, password, username) values (?, ?, ?)
Hibernate: insert into personas (ape_mat, ape_pat, nombres, username, dni) values (?, ?, ?, ?, ?)
Hibernate: insert into clientes (direccion, id_distri, email, notas, telefono, dni) values (?, ?, ?, ?, ?, ?)
Hibernate: insert into usuarios (enabled, password, username) values (?, ?, ?)
Hibernate: insert into personas (ape_mat, ape_pat, nombres, username, dni) values (?, ?, ?, ?, ?)
Hibernate: insert into clientes (direccion, id_distri, email, notas, telefono, dni) values (?, ?, ?, ?, ?, ?)
Hibernate: insert into usuarios (enabled, password, username) values (?, ?, ?)
Hibernate: insert into personas (ape_mat, ape_pat, nombres, username, dni) values (?, ?, ?, ?, ?)
Hibernate: insert into clientes (direccion, id_distri, email, notas, telefono, dni) values (?, ?, ?, ?, ?, ?)
Hibernate: insert into usuarios (enabled, password, username) values (?, ?, ?)
Hibernate: insert into personas (ape_mat, ape_pat, nombres, username, dni) values (?, ?, ?, ?, ?)
Hibernate: insert into clientes (direccion, id_distri, email, notas, telefono, dni) values (?, ?, ?, ?, ?, ?)
Hibernate: insert into usuarios (enabled, password, username) values (?, ?, ?)
Hibernate: insert into personas (ape_mat, ape_pat, nombres, username, dni) values (?, ?, ?, ?, ?)
Hibernate: insert into clientes (direccion, id_distri, email, notas, telefono, dni) values (?, ?, ?, ?, ?, ?)
Hibernate: insert into usuarios (enabled, password, username) values (?, ?, ?)
Hibernate: insert into personas (ape_mat, ape_pat, nombres, username, dni) values (?, ?, ?, ?, ?)
Hibernate: insert into clientes (direccion, id_distri, email, notas, telefono, dni) values (?, ?, ?, ?, ?, ?)
Hibernate: insert into usuarios (enabled, password, username) values (?, ?, ?)
Hibernate: insert into personas (ape_mat, ape_pat, nombres, username, dni) values (?, ?, ?, ?, ?)
Hibernate: insert into clientes (direccion, id_distri, email, notas, telefono, dni) values (?, ?, ?, ?, ?, ?)
Hibernate: insert into usuarios (enabled, password, username) values (?, ?, ?)
Hibernate: insert into personas (ape_mat, ape_pat, nombres, username, dni) values (?, ?, ?, ?, ?)
Hibernate: insert into clientes (direccion, id_distri, email, notas, telefono, dni) values (?, ?, ?, ?, ?, ?)
Hibernate: insert into usuarios (enabled, password, username) values (?, ?, ?)
Hibernate: insert into personas (ape_mat, ape_pat, nombres, username, dni) values (?, ?, ?, ?, ?)
Hibernate: insert into clientes (direccion, id_distri, email, notas, telefono, dni) values (?, ?, ?, ?, ?, ?)
Hibernate: insert into usuarios (enabled, password, username) values (?, ?, ?)
Hibernate: insert into personas (ape_mat, ape_pat, nombres, username, dni) values (?, ?, ?, ?, ?)
Hibernate: insert into clientes (direccion, id_distri, email, notas, telefono, dni) values (?, ?, ?, ?, ?, ?)
Hibernate: insert into usuarios (enabled, password, username) values (?, ?, ?)
Hibernate: insert into personas (ape_mat, ape_pat, nombres, username, dni) values (?, ?, ?, ?, ?)
Hibernate: insert into clientes (direccion, id_distri, email, notas, telefono, dni) values (?, ?, ?, ?, ?, ?)
Hibernate: insert into usuarios (enabled, password, username) values (?, ?, ?)
Hibernate: insert into personas (ape_mat, ape_pat, nombres, username, dni) values (?, ?, ?, ?, ?)
Hibernate: insert into clientes (direccion, id_distri, email, notas, telefono, dni) values (?, ?, ?, ?, ?, ?)
Hibernate: insert into usuarios (enabled, password, username) values (?, ?, ?)
Hibernate: insert into personas (ape_mat, ape_pat, nombres, username, dni) values (?, ?, ?, ?, ?)
Hibernate: insert into clientes (direccion, id_distri, email, notas, telefono, dni) values (?, ?, ?, ?, ?, ?)
Hibernate: insert into usuarios (enabled, password, username) values (?, ?, ?)
Hibernate: insert into personas (ape_mat, ape_pat, nombres, username, dni) values (?, ?, ?, ?, ?)
Hibernate: insert into clientes (direccion, id_distri, email, notas, telefono, dni) values (?, ?, ?, ?, ?, ?)
Hibernate: insert into usuarios (enabled, password, username) values (?, ?, ?)
Hibernate: insert into personas (ape_mat, ape_pat, nombres, username, dni) values (?, ?, ?, ?, ?)
Hibernate: insert into clientes (direccion, id_distri, email, notas, telefono, dni) values (?, ?, ?, ?, ?, ?)
Hibernate: insert into usuarios (enabled, password, username) values (?, ?, ?)
Hibernate: insert into personas (ape_mat, ape_pat, nombres, username, dni) values (?, ?, ?, ?, ?)
Hibernate: insert into clientes (direccion, id_distri, email, notas, telefono, dni) values (?, ?, ?, ?, ?, ?)
Hibernate: insert into usuarios (enabled, password, username) values (?, ?, ?)
Hibernate: insert into personas (ape_mat, ape_pat, nombres, username, dni) values (?, ?, ?, ?, ?)
Hibernate: insert into clientes (direccion, id_distri, email, notas, telefono, dni) values (?, ?, ?, ?, ?, ?)
Hibernate: insert into usuarios (enabled, password, username) values (?, ?, ?)
Hibernate: insert into personas (ape_mat, ape_pat, nombres, username, dni) values (?, ?, ?, ?, ?)
Hibernate: insert into clientes (direccion, id_distri, email, notas, telefono, dni) values (?, ?, ?, ?, ?, ?)
Hibernate: insert into usuarios (enabled, password, username) values (?, ?, ?)
Hibernate: insert into personas (ape_mat, ape_pat, nombres, username, dni) values (?, ?, ?, ?, ?)
Hibernate: insert into clientes (direccion, id_distri, email, notas, telefono, dni) values (?, ?, ?, ?, ?, ?)
Hibernate: insert into usuarios (enabled, password, username) values (?, ?, ?)
Hibernate: insert into personas (ape_mat, ape_pat, nombres, username, dni) values (?, ?, ?, ?, ?)
Hibernate: insert into clientes (direccion, id_distri, email, notas, telefono, dni) values (?, ?, ?, ?, ?, ?)
Hibernate: insert into usuarios (enabled, password, username) values (?, ?, ?)
Hibernate: insert into personas (ape_mat, ape_pat, nombres, username, dni) values (?, ?, ?, ?, ?)
Hibernate: insert into clientes (direccion, id_distri, email, notas, telefono, dni) values (?, ?, ?, ?, ?, ?)
Hibernate: insert into usuarios (enabled, password, username) values (?, ?, ?)
Hibernate: insert into personas (ape_mat, ape_pat, nombres, username, dni) values (?, ?, ?, ?, ?)
Hibernate: insert into clientes (direccion, id_distri, email, notas, telefono, dni) values (?, ?, ?, ?, ?, ?)
Hibernate: insert into usuarios (enabled, password, username) values (?, ?, ?)
Hibernate: insert into personas (ape_mat, ape_pat, nombres, username, dni) values (?, ?, ?, ?, ?)
Hibernate: insert into clientes (direccion, id_distri, email, notas, telefono, dni) values (?, ?, ?, ?, ?, ?)
Hibernate: insert into usuarios (enabled, password, username) values (?, ?, ?)
Hibernate: insert into personas (ape_mat, ape_pat, nombres, username, dni) values (?, ?, ?, ?, ?)
Hibernate: insert into clientes (direccion, id_distri, email, notas, telefono, dni) values (?, ?, ?, ?, ?, ?)
Hibernate: insert into usuarios (enabled, password, username) values (?, ?, ?)
Hibernate: insert into personas (ape_mat, ape_pat, nombres, username, dni) values (?, ?, ?, ?, ?)
Hibernate: insert into clientes (direccion, id_distri, email, notas, telefono, dni) values (?, ?, ?, ?, ?, ?)
Hibernate: insert into usuarios (enabled, password, username) values (?, ?, ?)
Hibernate: insert into personas (ape_mat, ape_pat, nombres, username, dni) values (?, ?, ?, ?, ?)
Hibernate: insert into clientes (direccion, id_distri, email, notas, telefono, dni) values (?, ?, ?, ?, ?, ?)
Hibernate: insert into usuarios (enabled, password, username) values (?, ?, ?)
Hibernate: insert into personas (ape_mat, ape_pat, nombres, username, dni) values (?, ?, ?, ?, ?)
Hibernate: insert into clientes (direccion, id_distri, email, notas, telefono, dni) values (?, ?, ?, ?, ?, ?)
Hibernate: insert into usuarios (enabled, password, username) values (?, ?, ?)
Hibernate: insert into personas (ape_mat, ape_pat, nombres, username, dni) values (?, ?, ?, ?, ?)
Hibernate: insert into clientes (direccion, id_distri, email, notas, telefono, dni) values (?, ?, ?, ?, ?, ?)
Hibernate: insert into usuarios (enabled, password, username) values (?, ?, ?)
Hibernate: insert into personas (ape_mat, ape_pat, nombres, username, dni) values (?, ?, ?, ?, ?)
Hibernate: insert into clientes (direccion, id_distri, email, notas, telefono, dni) values (?, ?, ?, ?, ?, ?)
Hibernate: insert into usuarios (enabled, password, username) values (?, ?, ?)
Hibernate: insert into personas (ape_mat, ape_pat, nombres, username, dni) values (?, ?, ?, ?, ?)
Hibernate: insert into clientes (direccion, id_distri, email, notas, telefono, dni) values (?, ?, ?, ?, ?, ?)
Hibernate: insert into usuarios (enabled, password, username) values (?, ?, ?)
Hibernate: insert into personas (ape_mat, ape_pat, nombres, username, dni) values (?, ?, ?, ?, ?)
Hibernate: insert into clientes (direccion, id_distri, email, notas, telefono, dni) values (?, ?, ?, ?, ?, ?)
Hibernate: insert into usuarios (enabled, password, username) values (?, ?, ?)
Hibernate: insert into personas (ape_mat, ape_pat, nombres, username, dni) values (?, ?, ?, ?, ?)
Hibernate: insert into clientes (direccion, id_distri, email, notas, telefono, dni) values (?, ?, ?, ?, ?, ?)
Hibernate: insert into usuarios (enabled, password, username) values (?, ?, ?)
Hibernate: insert into personas (ape_mat, ape_pat, nombres, username, dni) values (?, ?, ?, ?, ?)
Hibernate: insert into clientes (direccion, id_distri, email, notas, telefono, dni) values (?, ?, ?, ?, ?, ?)
Hibernate: insert into usuarios (enabled, password, username) values (?, ?, ?)
Hibernate: insert into personas (ape_mat, ape_pat, nombres, username, dni) values (?, ?, ?, ?, ?)
Hibernate: insert into clientes (direccion, id_distri, email, notas, telefono, dni) values (?, ?, ?, ?, ?, ?)
Hibernate: insert into usuarios (enabled, password, username) values (?, ?, ?)
Hibernate: insert into personas (ape_mat, ape_pat, nombres, username, dni) values (?, ?, ?, ?, ?)
Hibernate: insert into clientes (direccion, id_distri, email, notas, telefono, dni) values (?, ?, ?, ?, ?, ?)
Hibernate: insert into usuarios (enabled, password, username) values (?, ?, ?)
Hibernate: insert into personas (ape_mat, ape_pat, nombres, username, dni) values (?, ?, ?, ?, ?)
Hibernate: insert into clientes (direccion, id_distri, email, notas, telefono, dni) values (?, ?, ?, ?, ?, ?)
Hibernate: insert into usuarios (enabled, password, username) values (?, ?, ?)
Hibernate: insert into personas (ape_mat, ape_pat, nombres, username, dni) values (?, ?, ?, ?, ?)
Hibernate: insert into clientes (direccion, id_distri, email, notas, telefono, dni) values (?, ?, ?, ?, ?, ?)
Hibernate: insert into usuarios (enabled, password, username) values (?, ?, ?)
Hibernate: insert into personas (ape_mat, ape_pat, nombres, username, dni) values (?, ?, ?, ?, ?)
Hibernate: insert into clientes (direccion, id_distri, email, notas, telefono, dni) values (?, ?, ?, ?, ?, ?)
Hibernate: insert into usuarios (enabled, password, username) values (?, ?, ?)
Hibernate: insert into personas (ape_mat, ape_pat, nombres, username, dni) values (?, ?, ?, ?, ?)
Hibernate: insert into clientes (direccion, id_distri, email, notas, telefono, dni) values (?, ?, ?, ?, ?, ?)
Hibernate: insert into usuarios (enabled, password, username) values (?, ?, ?)
Hibernate: insert into personas (ape_mat, ape_pat, nombres, username, dni) values (?, ?, ?, ?, ?)
Hibernate: insert into clientes (direccion, id_distri, email, notas, telefono, dni) values (?, ?, ?, ?, ?, ?)
Hibernate: insert into usuarios (enabled, password, username) values (?, ?, ?)
</system-out>
    <system-err>jun 10, 2017 3:09:40 PM org.hibernate.Version logVersion
INFO: HHH000412: Hibernate Core {5.2.1.Final}
jun 10, 2017 3:09:40 PM org.hibernate.cfg.Environment &lt;clinit&gt;
INFO: HHH000206: hibernate.properties not found
jun 10, 2017 3:09:40 PM org.hibernate.cfg.Environment buildBytecodeProvider
INFO: HHH000021: Bytecode provider name : javassist
jun 10, 2017 3:09:40 PM org.hibernate.boot.jaxb.internal.stax.LocalXmlResourceResolver resolveEntity
WARN: HHH90000012: Recognized obsolete hibernate namespace http://hibernate.sourceforge.net/hibernate-configuration. Use namespace http://www.hibernate.org/dtd/hibernate-configuration instead.  Support for obsolete DTD/XSD namespaces may be removed at any time.
jun 10, 2017 3:09:40 PM org.hibernate.annotations.common.reflection.java.JavaReflectionManager &lt;clinit&gt;
INFO: HCANN000001: Hibernate Commons Annotations {5.0.1.Final}
jun 10, 2017 3:09:40 PM org.hibernate.engine.jdbc.connections.internal.DriverManagerConnectionProviderImpl configure
WARN: HHH10001002: Using Hibernate built-in connection pool (not for production use!)
jun 10, 2017 3:09:41 PM org.hibernate.engine.jdbc.connections.internal.DriverManagerConnectionProviderImpl buildCreator
INFO: HHH10001005: using driver [com.mysql.jdbc.Driver] at URL [jdbc:mysql://localhost:3306/testdb]
jun 10, 2017 3:09:41 PM org.hibernate.engine.jdbc.connections.internal.DriverManagerConnectionProviderImpl buildCreator
INFO: HHH10001001: Connection properties: {user=root, password=****}
jun 10, 2017 3:09:41 PM org.hibernate.engine.jdbc.connections.internal.DriverManagerConnectionProviderImpl buildCreator
INFO: HHH10001003: Autocommit mode: false
jun 10, 2017 3:09:41 PM org.hibernate.engine.jdbc.connections.internal.PooledConnections &lt;init&gt;
INFO: HHH000115: Hibernate connection pool size: 20 (min=1)
jun 10, 2017 3:09:41 PM org.hibernate.dialect.Dialect &lt;init&gt;
INFO: HHH000400: Using dialect: org.hibernate.dialect.MySQLDialect
jun 10, 2017 3:09:41 PM org.hibernate.validator.internal.util.Version &lt;clinit&gt;
INFO: HV000001: Hibernate Validator 5.2.4.Final
</system-err>
  </testcase>
</testsuite>